{"C:\\Users\\mohde\\Documents\\SENECA COLLEGE\\Semester 7\\Cloud Computing for Programmer\\Lab 2\\fragments\\src\\hash.js": {"path":"C:\\Users\\mohde\\Documents\\SENECA COLLEGE\\Semester 7\\Cloud Computing for Programmer\\Lab 2\\fragments\\src\\hash.js","statementMap":{"0":{"start":{"line":3,"column":15},"end":{"line":3,"column":32}},"1":{"start":{"line":11,"column":0},"end":{"line":12,"column":58}},"2":{"start":{"line":12,"column":2},"end":{"line":12,"column":57}}},"fnMap":{"0":{"name":"(anonymous_0)","decl":{"start":{"line":11,"column":17},"end":{"line":11,"column":18}},"loc":{"start":{"line":12,"column":2},"end":{"line":12,"column":57}},"line":12}},"branchMap":{},"s":{"0":1,"1":1,"2":3},"f":{"0":3},"b":{},"_coverageSchema":"1a1c01bbd47fc00a2c39e90264f33305004495a9","hash":"f4ae3474fe00216edc6c52fc42afc0f4e4c8ca0e"}
,"C:\\Users\\mohde\\Documents\\SENECA COLLEGE\\Semester 7\\Cloud Computing for Programmer\\Lab 2\\fragments\\src\\logger.js": {"path":"C:\\Users\\mohde\\Documents\\SENECA COLLEGE\\Semester 7\\Cloud Computing for Programmer\\Lab 2\\fragments\\src\\logger.js","statementMap":{"0":{"start":{"line":2,"column":13},"end":{"line":2,"column":28}},"1":{"start":{"line":3,"column":0},"end":{"line":3,"column":24}},"2":{"start":{"line":4,"column":16},"end":{"line":4,"column":58}},"3":{"start":{"line":6,"column":0},"end":{"line":13,"column":1}},"4":{"start":{"line":7,"column":2},"end":{"line":12,"column":4}},"5":{"start":{"line":15,"column":0},"end":{"line":15,"column":42}}},"fnMap":{},"branchMap":{"0":{"loc":{"start":{"line":4,"column":25},"end":{"line":4,"column":56}},"type":"binary-expr","locations":[{"start":{"line":4,"column":25},"end":{"line":4,"column":46}},{"start":{"line":4,"column":50},"end":{"line":4,"column":56}}],"line":4},"1":{"loc":{"start":{"line":6,"column":0},"end":{"line":13,"column":1}},"type":"if","locations":[{"start":{"line":6,"column":0},"end":{"line":13,"column":1}},{"start":{},"end":{}}],"line":6}},"s":{"0":1,"1":1,"2":1,"3":1,"4":0,"5":1},"f":{},"b":{"0":[1,0],"1":[0,1]},"_coverageSchema":"1a1c01bbd47fc00a2c39e90264f33305004495a9","hash":"c9dc61c453af7118f15cd0e36e9558bf336f7d38"}
,"C:\\Users\\mohde\\Documents\\SENECA COLLEGE\\Semester 7\\Cloud Computing for Programmer\\Lab 2\\fragments\\src\\response.js": {"path":"C:\\Users\\mohde\\Documents\\SENECA COLLEGE\\Semester 7\\Cloud Computing for Programmer\\Lab 2\\fragments\\src\\response.js","statementMap":{"0":{"start":{"line":9,"column":0},"end":{"line":12,"column":3}},"1":{"start":{"line":9,"column":50},"end":{"line":12,"column":1}},"2":{"start":{"line":21,"column":0},"end":{"line":27,"column":3}},"3":{"start":{"line":21,"column":57},"end":{"line":27,"column":1}}},"fnMap":{"0":{"name":"(anonymous_0)","decl":{"start":{"line":9,"column":39},"end":{"line":9,"column":40}},"loc":{"start":{"line":9,"column":50},"end":{"line":12,"column":1}},"line":9},"1":{"name":"(anonymous_1)","decl":{"start":{"line":21,"column":37},"end":{"line":21,"column":38}},"loc":{"start":{"line":21,"column":57},"end":{"line":27,"column":1}},"line":21}},"branchMap":{},"s":{"0":1,"1":2,"2":1,"3":1},"f":{"0":2,"1":1},"b":{},"_coverageSchema":"1a1c01bbd47fc00a2c39e90264f33305004495a9","hash":"1256788140dd877ad683e948e62d246d03811e2c"}
,"C:\\Users\\mohde\\Documents\\SENECA COLLEGE\\Semester 7\\Cloud Computing for Programmer\\Lab 2\\fragments\\src\\model\\fragment.js": {"path":"C:\\Users\\mohde\\Documents\\SENECA COLLEGE\\Semester 7\\Cloud Computing for Programmer\\Lab 2\\fragments\\src\\model\\fragment.js","statementMap":{"0":{"start":{"line":3,"column":23},"end":{"line":3,"column":40}},"1":{"start":{"line":4,"column":20},"end":{"line":4,"column":43}},"2":{"start":{"line":5,"column":15},"end":{"line":5,"column":35}},"3":{"start":{"line":15,"column":4},"end":{"line":15,"column":21}},"4":{"start":{"line":19,"column":4},"end":{"line":21,"column":5}},"5":{"start":{"line":20,"column":6},"end":{"line":20,"column":55}},"6":{"start":{"line":23,"column":4},"end":{"line":25,"column":5}},"7":{"start":{"line":24,"column":6},"end":{"line":24,"column":60}},"8":{"start":{"line":27,"column":4},"end":{"line":29,"column":5}},"9":{"start":{"line":28,"column":6},"end":{"line":28,"column":47}},"10":{"start":{"line":31,"column":4},"end":{"line":31,"column":33}},"11":{"start":{"line":32,"column":4},"end":{"line":32,"column":27}},"12":{"start":{"line":33,"column":4},"end":{"line":33,"column":55}},"13":{"start":{"line":34,"column":4},"end":{"line":34,"column":55}},"14":{"start":{"line":35,"column":4},"end":{"line":35,"column":21}},"15":{"start":{"line":36,"column":4},"end":{"line":36,"column":21}},"16":{"start":{"line":40,"column":4},"end":{"line":48,"column":5}},"17":{"start":{"line":41,"column":24},"end":{"line":41,"column":60}},"18":{"start":{"line":42,"column":6},"end":{"line":44,"column":20}},"19":{"start":{"line":43,"column":38},"end":{"line":43,"column":60}},"20":{"start":{"line":46,"column":6},"end":{"line":46,"column":62}},"21":{"start":{"line":47,"column":6},"end":{"line":47,"column":16}},"22":{"start":{"line":52,"column":4},"end":{"line":61,"column":5}},"23":{"start":{"line":53,"column":21},"end":{"line":53,"column":52}},"24":{"start":{"line":54,"column":6},"end":{"line":56,"column":7}},"25":{"start":{"line":55,"column":8},"end":{"line":55,"column":46}},"26":{"start":{"line":57,"column":6},"end":{"line":57,"column":34}},"27":{"start":{"line":59,"column":6},"end":{"line":59,"column":63}},"28":{"start":{"line":60,"column":6},"end":{"line":60,"column":44}},"29":{"start":{"line":65,"column":4},"end":{"line":65,"column":38}},"30":{"start":{"line":66,"column":4},"end":{"line":66,"column":63}},"31":{"start":{"line":70,"column":4},"end":{"line":70,"column":44}},"32":{"start":{"line":71,"column":4},"end":{"line":77,"column":5}},"33":{"start":{"line":72,"column":6},"end":{"line":72,"column":32}},"34":{"start":{"line":73,"column":6},"end":{"line":73,"column":69}},"35":{"start":{"line":75,"column":6},"end":{"line":75,"column":55}},"36":{"start":{"line":76,"column":6},"end":{"line":76,"column":49}},"37":{"start":{"line":81,"column":4},"end":{"line":81,"column":51}},"38":{"start":{"line":85,"column":4},"end":{"line":87,"column":5}},"39":{"start":{"line":86,"column":6},"end":{"line":86,"column":76}},"40":{"start":{"line":89,"column":4},"end":{"line":97,"column":5}},"41":{"start":{"line":90,"column":19},"end":{"line":90,"column":39}},"42":{"start":{"line":91,"column":6},"end":{"line":91,"column":36}},"43":{"start":{"line":93,"column":6},"end":{"line":95,"column":9}},"44":{"start":{"line":96,"column":6},"end":{"line":96,"column":72}},"45":{"start":{"line":101,"column":4},"end":{"line":104,"column":5}},"46":{"start":{"line":102,"column":6},"end":{"line":102,"column":44}},"47":{"start":{"line":103,"column":6},"end":{"line":103,"column":47}},"48":{"start":{"line":105,"column":4},"end":{"line":105,"column":44}},"49":{"start":{"line":106,"column":4},"end":{"line":106,"column":40}},"50":{"start":{"line":107,"column":4},"end":{"line":113,"column":5}},"51":{"start":{"line":108,"column":6},"end":{"line":108,"column":59}},"52":{"start":{"line":109,"column":6},"end":{"line":109,"column":56}},"53":{"start":{"line":111,"column":6},"end":{"line":111,"column":62}},"54":{"start":{"line":112,"column":6},"end":{"line":112,"column":56}},"55":{"start":{"line":117,"column":4},"end":{"line":117,"column":45}},"56":{"start":{"line":121,"column":4},"end":{"line":121,"column":41}},"57":{"start":{"line":125,"column":17},"end":{"line":125,"column":30}},"58":{"start":{"line":127,"column":4},"end":{"line":129,"column":5}},"59":{"start":{"line":128,"column":6},"end":{"line":128,"column":68}},"60":{"start":{"line":131,"column":4},"end":{"line":144,"column":5}},"61":{"start":{"line":133,"column":8},"end":{"line":133,"column":30}},"62":{"start":{"line":135,"column":8},"end":{"line":135,"column":60}},"63":{"start":{"line":137,"column":8},"end":{"line":137,"column":43}},"64":{"start":{"line":139,"column":8},"end":{"line":139,"column":50}},"65":{"start":{"line":141,"column":8},"end":{"line":141,"column":62}},"66":{"start":{"line":143,"column":8},"end":{"line":143,"column":18}},"67":{"start":{"line":148,"column":23},"end":{"line":160,"column":5}},"68":{"start":{"line":161,"column":4},"end":{"line":161,"column":38}},"69":{"start":{"line":165,"column":0},"end":{"line":165,"column":35}}},"fnMap":{"0":{"name":"(anonymous_0)","decl":{"start":{"line":18,"column":2},"end":{"line":18,"column":3}},"loc":{"start":{"line":18,"column":65},"end":{"line":37,"column":3}},"line":18},"1":{"name":"(anonymous_1)","decl":{"start":{"line":39,"column":2},"end":{"line":39,"column":3}},"loc":{"start":{"line":39,"column":47},"end":{"line":49,"column":3}},"line":39},"2":{"name":"(anonymous_2)","decl":{"start":{"line":43,"column":24},"end":{"line":43,"column":25}},"loc":{"start":{"line":43,"column":38},"end":{"line":43,"column":60}},"line":43},"3":{"name":"(anonymous_3)","decl":{"start":{"line":51,"column":2},"end":{"line":51,"column":3}},"loc":{"start":{"line":51,"column":33},"end":{"line":62,"column":3}},"line":51},"4":{"name":"(anonymous_4)","decl":{"start":{"line":64,"column":2},"end":{"line":64,"column":3}},"loc":{"start":{"line":64,"column":35},"end":{"line":67,"column":3}},"line":64},"5":{"name":"(anonymous_5)","decl":{"start":{"line":69,"column":2},"end":{"line":69,"column":3}},"loc":{"start":{"line":69,"column":15},"end":{"line":78,"column":3}},"line":69},"6":{"name":"(anonymous_6)","decl":{"start":{"line":80,"column":2},"end":{"line":80,"column":3}},"loc":{"start":{"line":80,"column":12},"end":{"line":82,"column":3}},"line":80},"7":{"name":"(anonymous_7)","decl":{"start":{"line":84,"column":2},"end":{"line":84,"column":3}},"loc":{"start":{"line":84,"column":28},"end":{"line":98,"column":3}},"line":84},"8":{"name":"(anonymous_8)","decl":{"start":{"line":100,"column":2},"end":{"line":100,"column":3}},"loc":{"start":{"line":100,"column":22},"end":{"line":114,"column":3}},"line":100},"9":{"name":"(anonymous_9)","decl":{"start":{"line":116,"column":2},"end":{"line":116,"column":3}},"loc":{"start":{"line":116,"column":17},"end":{"line":118,"column":3}},"line":116},"10":{"name":"(anonymous_10)","decl":{"start":{"line":120,"column":2},"end":{"line":120,"column":3}},"loc":{"start":{"line":120,"column":15},"end":{"line":122,"column":3}},"line":120},"11":{"name":"(anonymous_11)","decl":{"start":{"line":124,"column":2},"end":{"line":124,"column":3}},"loc":{"start":{"line":124,"column":16},"end":{"line":145,"column":3}},"line":124},"12":{"name":"(anonymous_12)","decl":{"start":{"line":147,"column":2},"end":{"line":147,"column":3}},"loc":{"start":{"line":147,"column":32},"end":{"line":162,"column":3}},"line":147}},"branchMap":{"0":{"loc":{"start":{"line":18,"column":53},"end":{"line":18,"column":61}},"type":"default-arg","locations":[{"start":{"line":18,"column":60},"end":{"line":18,"column":61}}],"line":18},"1":{"loc":{"start":{"line":19,"column":4},"end":{"line":21,"column":5}},"type":"if","locations":[{"start":{"line":19,"column":4},"end":{"line":21,"column":5}},{"start":{},"end":{}}],"line":19},"2":{"loc":{"start":{"line":19,"column":8},"end":{"line":19,"column":25}},"type":"binary-expr","locations":[{"start":{"line":19,"column":8},"end":{"line":19,"column":16}},{"start":{"line":19,"column":20},"end":{"line":19,"column":25}}],"line":19},"3":{"loc":{"start":{"line":23,"column":4},"end":{"line":25,"column":5}},"type":"if","locations":[{"start":{"line":23,"column":4},"end":{"line":25,"column":5}},{"start":{},"end":{}}],"line":23},"4":{"loc":{"start":{"line":23,"column":8},"end":{"line":23,"column":44}},"type":"binary-expr","locations":[{"start":{"line":23,"column":8},"end":{"line":23,"column":32}},{"start":{"line":23,"column":36},"end":{"line":23,"column":44}}],"line":23},"5":{"loc":{"start":{"line":27,"column":4},"end":{"line":29,"column":5}},"type":"if","locations":[{"start":{"line":27,"column":4},"end":{"line":29,"column":5}},{"start":{},"end":{}}],"line":27},"6":{"loc":{"start":{"line":31,"column":14},"end":{"line":31,"column":32}},"type":"binary-expr","locations":[{"start":{"line":31,"column":14},"end":{"line":31,"column":16}},{"start":{"line":31,"column":20},"end":{"line":31,"column":32}}],"line":31},"7":{"loc":{"start":{"line":33,"column":19},"end":{"line":33,"column":54}},"type":"binary-expr","locations":[{"start":{"line":33,"column":19},"end":{"line":33,"column":26}},{"start":{"line":33,"column":30},"end":{"line":33,"column":54}}],"line":33},"8":{"loc":{"start":{"line":34,"column":19},"end":{"line":34,"column":54}},"type":"binary-expr","locations":[{"start":{"line":34,"column":19},"end":{"line":34,"column":26}},{"start":{"line":34,"column":30},"end":{"line":34,"column":54}}],"line":34},"9":{"loc":{"start":{"line":39,"column":31},"end":{"line":39,"column":45}},"type":"default-arg","locations":[{"start":{"line":39,"column":40},"end":{"line":39,"column":45}}],"line":39},"10":{"loc":{"start":{"line":42,"column":13},"end":{"line":44,"column":19}},"type":"cond-expr","locations":[{"start":{"line":43,"column":10},"end":{"line":43,"column":61}},{"start":{"line":44,"column":10},"end":{"line":44,"column":19}}],"line":42},"11":{"loc":{"start":{"line":54,"column":6},"end":{"line":56,"column":7}},"type":"if","locations":[{"start":{"line":54,"column":6},"end":{"line":56,"column":7}},{"start":{},"end":{}}],"line":54},"12":{"loc":{"start":{"line":85,"column":4},"end":{"line":87,"column":5}},"type":"if","locations":[{"start":{"line":85,"column":4},"end":{"line":87,"column":5}},{"start":{},"end":{}}],"line":85},"13":{"loc":{"start":{"line":101,"column":4},"end":{"line":104,"column":5}},"type":"if","locations":[{"start":{"line":101,"column":4},"end":{"line":104,"column":5}},{"start":{},"end":{}}],"line":101},"14":{"loc":{"start":{"line":127,"column":4},"end":{"line":129,"column":5}},"type":"if","locations":[{"start":{"line":127,"column":4},"end":{"line":129,"column":5}},{"start":{},"end":{}}],"line":127},"15":{"loc":{"start":{"line":131,"column":4},"end":{"line":144,"column":5}},"type":"switch","locations":[{"start":{"line":132,"column":6},"end":{"line":133,"column":30}},{"start":{"line":134,"column":6},"end":{"line":135,"column":60}},{"start":{"line":136,"column":6},"end":{"line":137,"column":43}},{"start":{"line":138,"column":6},"end":{"line":139,"column":50}},{"start":{"line":140,"column":6},"end":{"line":141,"column":62}},{"start":{"line":142,"column":6},"end":{"line":143,"column":18}}],"line":131}},"s":{"0":1,"1":1,"2":1,"3":1,"4":32,"5":3,"6":29,"7":2,"8":27,"9":1,"10":26,"11":26,"12":26,"13":26,"14":26,"15":26,"16":3,"17":3,"18":3,"19":1,"20":0,"21":0,"22":5,"23":5,"24":5,"25":1,"26":4,"27":1,"28":1,"29":1,"30":1,"31":7,"32":7,"33":7,"34":7,"35":0,"36":0,"37":1,"38":0,"39":0,"40":0,"41":0,"42":0,"43":0,"44":0,"45":8,"46":1,"47":1,"48":7,"49":7,"50":7,"51":7,"52":7,"53":0,"54":0,"55":3,"56":1,"57":1,"58":1,"59":0,"60":1,"61":1,"62":0,"63":0,"64":0,"65":0,"66":0,"67":34,"68":34,"69":1},"f":{"0":32,"1":3,"2":1,"3":5,"4":1,"5":7,"6":1,"7":0,"8":8,"9":3,"10":1,"11":1,"12":34},"b":{"0":[2],"1":[3,29],"2":[32,30],"3":[2,27],"4":[29,28],"5":[1,26],"6":[26,20],"7":[26,21],"8":[26,21],"9":[2],"10":[1,2],"11":[1,4],"12":[0,0],"13":[1,7],"14":[0,1],"15":[1,0,0,0,0,0]},"_coverageSchema":"1a1c01bbd47fc00a2c39e90264f33305004495a9","hash":"0fb615fe0d5d5e3ed214357c9f1d78ff3e81b88a"}
,"C:\\Users\\mohde\\Documents\\SENECA COLLEGE\\Semester 7\\Cloud Computing for Programmer\\Lab 2\\fragments\\src\\model\\data\\index.js": {"path":"C:\\Users\\mohde\\Documents\\SENECA COLLEGE\\Semester 7\\Cloud Computing for Programmer\\Lab 2\\fragments\\src\\model\\data\\index.js","statementMap":{"0":{"start":{"line":5,"column":0},"end":{"line":7,"column":24}}},"fnMap":{},"branchMap":{"0":{"loc":{"start":{"line":5,"column":17},"end":{"line":7,"column":23}},"type":"cond-expr","locations":[{"start":{"line":6,"column":4},"end":{"line":6,"column":20}},{"start":{"line":7,"column":4},"end":{"line":7,"column":23}}],"line":5}},"s":{"0":1},"f":{},"b":{"0":[0,1]},"_coverageSchema":"1a1c01bbd47fc00a2c39e90264f33305004495a9","hash":"33ee12c8eb95943dea3707f8f45ba4e4e71020dc"}
,"C:\\Users\\mohde\\Documents\\SENECA COLLEGE\\Semester 7\\Cloud Computing for Programmer\\Lab 2\\fragments\\src\\model\\data\\memory\\index.js": {"path":"C:\\Users\\mohde\\Documents\\SENECA COLLEGE\\Semester 7\\Cloud Computing for Programmer\\Lab 2\\fragments\\src\\model\\data\\memory\\index.js","statementMap":{"0":{"start":{"line":3,"column":17},"end":{"line":3,"column":39}},"1":{"start":{"line":6,"column":13},"end":{"line":6,"column":27}},"2":{"start":{"line":7,"column":17},"end":{"line":7,"column":31}},"3":{"start":{"line":11,"column":2},"end":{"line":11,"column":63}},"4":{"start":{"line":16,"column":2},"end":{"line":16,"column":35}},"5":{"start":{"line":21,"column":2},"end":{"line":21,"column":39}},"6":{"start":{"line":26,"column":2},"end":{"line":26,"column":31}},"7":{"start":{"line":31,"column":20},"end":{"line":31,"column":49}},"8":{"start":{"line":34,"column":2},"end":{"line":36,"column":3}},"9":{"start":{"line":35,"column":4},"end":{"line":35,"column":21}},"10":{"start":{"line":39,"column":2},"end":{"line":39,"column":50}},"11":{"start":{"line":39,"column":37},"end":{"line":39,"column":48}},"12":{"start":{"line":44,"column":2},"end":{"line":49,"column":5}},"13":{"start":{"line":52,"column":0},"end":{"line":52,"column":45}},"14":{"start":{"line":53,"column":0},"end":{"line":53,"column":45}},"15":{"start":{"line":54,"column":0},"end":{"line":54,"column":43}},"16":{"start":{"line":55,"column":0},"end":{"line":55,"column":53}},"17":{"start":{"line":56,"column":0},"end":{"line":56,"column":51}},"18":{"start":{"line":57,"column":0},"end":{"line":57,"column":47}}},"fnMap":{"0":{"name":"writeFragment","decl":{"start":{"line":10,"column":9},"end":{"line":10,"column":22}},"loc":{"start":{"line":10,"column":33},"end":{"line":12,"column":1}},"line":10},"1":{"name":"readFragment","decl":{"start":{"line":15,"column":9},"end":{"line":15,"column":21}},"loc":{"start":{"line":15,"column":35},"end":{"line":17,"column":1}},"line":15},"2":{"name":"writeFragmentData","decl":{"start":{"line":20,"column":9},"end":{"line":20,"column":26}},"loc":{"start":{"line":20,"column":48},"end":{"line":22,"column":1}},"line":20},"3":{"name":"readFragmentData","decl":{"start":{"line":25,"column":9},"end":{"line":25,"column":25}},"loc":{"start":{"line":25,"column":39},"end":{"line":27,"column":1}},"line":25},"4":{"name":"listFragments","decl":{"start":{"line":30,"column":15},"end":{"line":30,"column":28}},"loc":{"start":{"line":30,"column":54},"end":{"line":40,"column":1}},"line":30},"5":{"name":"(anonymous_5)","decl":{"start":{"line":39,"column":23},"end":{"line":39,"column":24}},"loc":{"start":{"line":39,"column":37},"end":{"line":39,"column":48}},"line":39},"6":{"name":"deleteFragment","decl":{"start":{"line":43,"column":9},"end":{"line":43,"column":23}},"loc":{"start":{"line":43,"column":37},"end":{"line":50,"column":1}},"line":43}},"branchMap":{"0":{"loc":{"start":{"line":30,"column":38},"end":{"line":30,"column":52}},"type":"default-arg","locations":[{"start":{"line":30,"column":47},"end":{"line":30,"column":52}}],"line":30},"1":{"loc":{"start":{"line":34,"column":2},"end":{"line":36,"column":3}},"type":"if","locations":[{"start":{"line":34,"column":2},"end":{"line":36,"column":3}},{"start":{},"end":{}}],"line":34},"2":{"loc":{"start":{"line":34,"column":6},"end":{"line":34,"column":26}},"type":"binary-expr","locations":[{"start":{"line":34,"column":6},"end":{"line":34,"column":12}},{"start":{"line":34,"column":16},"end":{"line":34,"column":26}}],"line":34}},"s":{"0":1,"1":1,"2":1,"3":7,"4":5,"5":7,"6":1,"7":3,"8":3,"9":1,"10":2,"11":1,"12":1,"13":1,"14":1,"15":1,"16":1,"17":1,"18":1},"f":{"0":7,"1":5,"2":7,"3":1,"4":3,"5":1,"6":1},"b":{"0":[0],"1":[1,2],"2":[3,2]},"_coverageSchema":"1a1c01bbd47fc00a2c39e90264f33305004495a9","hash":"1e236acc528b5dacbacea482ce9ee1cabad69297"}
,"C:\\Users\\mohde\\Documents\\SENECA COLLEGE\\Semester 7\\Cloud Computing for Programmer\\Lab 2\\fragments\\src\\model\\data\\memory\\memory-db.js": {"path":"C:\\Users\\mohde\\Documents\\SENECA COLLEGE\\Semester 7\\Cloud Computing for Programmer\\Lab 2\\fragments\\src\\model\\data\\memory\\memory-db.js","statementMap":{"0":{"start":{"line":3,"column":20},"end":{"line":3,"column":52}},"1":{"start":{"line":3,"column":29},"end":{"line":3,"column":52}},"2":{"start":{"line":8,"column":4},"end":{"line":8,"column":17}},"3":{"start":{"line":18,"column":4},"end":{"line":22,"column":5}},"4":{"start":{"line":19,"column":6},"end":{"line":21,"column":8}},"5":{"start":{"line":24,"column":15},"end":{"line":24,"column":22}},"6":{"start":{"line":25,"column":18},"end":{"line":25,"column":64}},"7":{"start":{"line":26,"column":4},"end":{"line":26,"column":34}},"8":{"start":{"line":36,"column":4},"end":{"line":40,"column":5}},"9":{"start":{"line":37,"column":6},"end":{"line":39,"column":8}},"10":{"start":{"line":42,"column":15},"end":{"line":42,"column":22}},"11":{"start":{"line":44,"column":4},"end":{"line":44,"column":42}},"12":{"start":{"line":46,"column":4},"end":{"line":46,"column":41}},"13":{"start":{"line":47,"column":4},"end":{"line":47,"column":29}},"14":{"start":{"line":57,"column":4},"end":{"line":61,"column":5}},"15":{"start":{"line":58,"column":6},"end":{"line":60,"column":8}},"16":{"start":{"line":64,"column":15},"end":{"line":64,"column":22}},"17":{"start":{"line":65,"column":19},"end":{"line":65,"column":70}},"18":{"start":{"line":66,"column":4},"end":{"line":66,"column":35}},"19":{"start":{"line":76,"column":4},"end":{"line":80,"column":5}},"20":{"start":{"line":77,"column":6},"end":{"line":79,"column":8}},"21":{"start":{"line":83,"column":4},"end":{"line":87,"column":5}},"22":{"start":{"line":84,"column":6},"end":{"line":86,"column":8}},"23":{"start":{"line":89,"column":15},"end":{"line":89,"column":22}},"24":{"start":{"line":90,"column":4},"end":{"line":90,"column":40}},"25":{"start":{"line":91,"column":4},"end":{"line":91,"column":29}},"26":{"start":{"line":95,"column":0},"end":{"line":95,"column":26}}},"fnMap":{"0":{"name":"(anonymous_0)","decl":{"start":{"line":3,"column":20},"end":{"line":3,"column":21}},"loc":{"start":{"line":3,"column":29},"end":{"line":3,"column":52}},"line":3},"1":{"name":"(anonymous_1)","decl":{"start":{"line":6,"column":2},"end":{"line":6,"column":3}},"loc":{"start":{"line":6,"column":16},"end":{"line":9,"column":3}},"line":6},"2":{"name":"(anonymous_2)","decl":{"start":{"line":17,"column":2},"end":{"line":17,"column":3}},"loc":{"start":{"line":17,"column":32},"end":{"line":27,"column":3}},"line":17},"3":{"name":"(anonymous_3)","decl":{"start":{"line":35,"column":2},"end":{"line":35,"column":3}},"loc":{"start":{"line":35,"column":39},"end":{"line":48,"column":3}},"line":35},"4":{"name":"(anonymous_4)","decl":{"start":{"line":56,"column":2},"end":{"line":56,"column":3}},"loc":{"start":{"line":56,"column":20},"end":{"line":67,"column":3}},"line":56},"5":{"name":"(anonymous_5)","decl":{"start":{"line":75,"column":2},"end":{"line":75,"column":3}},"loc":{"start":{"line":75,"column":38},"end":{"line":92,"column":3}},"line":75}},"branchMap":{"0":{"loc":{"start":{"line":18,"column":4},"end":{"line":22,"column":5}},"type":"if","locations":[{"start":{"line":18,"column":4},"end":{"line":22,"column":5}},{"start":{},"end":{}}],"line":18},"1":{"loc":{"start":{"line":18,"column":10},"end":{"line":18,"column":62}},"type":"binary-expr","locations":[{"start":{"line":18,"column":10},"end":{"line":18,"column":33}},{"start":{"line":18,"column":37},"end":{"line":18,"column":62}}],"line":18},"2":{"loc":{"start":{"line":25,"column":18},"end":{"line":25,"column":64}},"type":"binary-expr","locations":[{"start":{"line":25,"column":18},"end":{"line":25,"column":32}},{"start":{"line":25,"column":36},"end":{"line":25,"column":64}}],"line":25},"3":{"loc":{"start":{"line":36,"column":4},"end":{"line":40,"column":5}},"type":"if","locations":[{"start":{"line":36,"column":4},"end":{"line":40,"column":5}},{"start":{},"end":{}}],"line":36},"4":{"loc":{"start":{"line":36,"column":10},"end":{"line":36,"column":62}},"type":"binary-expr","locations":[{"start":{"line":36,"column":10},"end":{"line":36,"column":33}},{"start":{"line":36,"column":37},"end":{"line":36,"column":62}}],"line":36},"5":{"loc":{"start":{"line":44,"column":21},"end":{"line":44,"column":41}},"type":"binary-expr","locations":[{"start":{"line":44,"column":21},"end":{"line":44,"column":35}},{"start":{"line":44,"column":39},"end":{"line":44,"column":41}}],"line":44},"6":{"loc":{"start":{"line":57,"column":4},"end":{"line":61,"column":5}},"type":"if","locations":[{"start":{"line":57,"column":4},"end":{"line":61,"column":5}},{"start":{},"end":{}}],"line":57},"7":{"loc":{"start":{"line":65,"column":19},"end":{"line":65,"column":70}},"type":"cond-expr","locations":[{"start":{"line":65,"column":36},"end":{"line":65,"column":65}},{"start":{"line":65,"column":68},"end":{"line":65,"column":70}}],"line":65},"8":{"loc":{"start":{"line":76,"column":4},"end":{"line":80,"column":5}},"type":"if","locations":[{"start":{"line":76,"column":4},"end":{"line":80,"column":5}},{"start":{},"end":{}}],"line":76},"9":{"loc":{"start":{"line":76,"column":10},"end":{"line":76,"column":62}},"type":"binary-expr","locations":[{"start":{"line":76,"column":10},"end":{"line":76,"column":33}},{"start":{"line":76,"column":37},"end":{"line":76,"column":62}}],"line":76},"10":{"loc":{"start":{"line":83,"column":4},"end":{"line":87,"column":5}},"type":"if","locations":[{"start":{"line":83,"column":4},"end":{"line":87,"column":5}},{"start":{},"end":{}}],"line":83}},"s":{"0":2,"1":104,"2":14,"3":18,"4":3,"5":15,"6":15,"7":15,"8":28,"9":3,"10":25,"11":25,"12":25,"13":25,"14":7,"15":2,"16":5,"17":5,"18":5,"19":7,"20":3,"21":4,"22":1,"23":3,"24":3,"25":3,"26":2},"f":{"0":104,"1":14,"2":18,"3":28,"4":7,"5":7},"b":{"0":[3,15],"1":[18,15],"2":[15,14],"3":[3,25],"4":[28,25],"5":[25,15],"6":[2,5],"7":[3,2],"8":[3,4],"9":[7,4],"10":[1,3]},"_coverageSchema":"1a1c01bbd47fc00a2c39e90264f33305004495a9","hash":"d6ed9c6ed9cf06cffd36008bdebb3281deba04bc"}
}
