{"C:\\Users\\mohde\\Documents\\SENECA COLLEGE\\Semester 7\\Cloud Computing for Programmer\\Lab 2\\fragments\\src\\app.js": {"path":"C:\\Users\\mohde\\Documents\\SENECA COLLEGE\\Semester 7\\Cloud Computing for Programmer\\Lab 2\\fragments\\src\\app.js","statementMap":{"0":{"start":{"line":3,"column":16},"end":{"line":3,"column":34}},"1":{"start":{"line":4,"column":13},"end":{"line":4,"column":28}},"2":{"start":{"line":5,"column":15},"end":{"line":5,"column":32}},"3":{"start":{"line":6,"column":20},"end":{"line":6,"column":42}},"4":{"start":{"line":7,"column":17},"end":{"line":7,"column":36}},"5":{"start":{"line":8,"column":21},"end":{"line":8,"column":38}},"6":{"start":{"line":9,"column":32},"end":{"line":9,"column":53}},"7":{"start":{"line":11,"column":15},"end":{"line":11,"column":34}},"8":{"start":{"line":12,"column":13},"end":{"line":15,"column":2}},"9":{"start":{"line":18,"column":12},"end":{"line":18,"column":21}},"10":{"start":{"line":21,"column":0},"end":{"line":21,"column":14}},"11":{"start":{"line":24,"column":0},"end":{"line":24,"column":18}},"12":{"start":{"line":27,"column":0},"end":{"line":27,"column":16}},"13":{"start":{"line":30,"column":0},"end":{"line":30,"column":23}},"14":{"start":{"line":33,"column":0},"end":{"line":33,"column":23}},"15":{"start":{"line":36,"column":0},"end":{"line":36,"column":38}},"16":{"start":{"line":37,"column":0},"end":{"line":37,"column":31}},"17":{"start":{"line":40,"column":0},"end":{"line":40,"column":34}},"18":{"start":{"line":43,"column":0},"end":{"line":45,"column":3}},"19":{"start":{"line":44,"column":2},"end":{"line":44,"column":46}},"20":{"start":{"line":49,"column":0},"end":{"line":61,"column":3}},"21":{"start":{"line":52,"column":17},"end":{"line":52,"column":38}},"22":{"start":{"line":53,"column":18},"end":{"line":53,"column":66}},"23":{"start":{"line":56,"column":2},"end":{"line":58,"column":3}},"24":{"start":{"line":57,"column":4},"end":{"line":57,"column":54}},"25":{"start":{"line":60,"column":2},"end":{"line":60,"column":64}},"26":{"start":{"line":64,"column":0},"end":{"line":64,"column":21}}},"fnMap":{"0":{"name":"(anonymous_0)","decl":{"start":{"line":43,"column":8},"end":{"line":43,"column":9}},"loc":{"start":{"line":43,"column":28},"end":{"line":45,"column":1}},"line":43},"1":{"name":"(anonymous_1)","decl":{"start":{"line":49,"column":8},"end":{"line":49,"column":9}},"loc":{"start":{"line":49,"column":33},"end":{"line":61,"column":1}},"line":49}},"branchMap":{"0":{"loc":{"start":{"line":52,"column":17},"end":{"line":52,"column":38}},"type":"binary-expr","locations":[{"start":{"line":52,"column":17},"end":{"line":52,"column":31}},{"start":{"line":52,"column":35},"end":{"line":52,"column":38}}],"line":52},"1":{"loc":{"start":{"line":53,"column":18},"end":{"line":53,"column":66}},"type":"binary-expr","locations":[{"start":{"line":53,"column":18},"end":{"line":53,"column":35}},{"start":{"line":53,"column":39},"end":{"line":53,"column":66}}],"line":53},"2":{"loc":{"start":{"line":56,"column":2},"end":{"line":58,"column":3}},"type":"if","locations":[{"start":{"line":56,"column":2},"end":{"line":58,"column":3}},{"start":{},"end":{}}],"line":56}},"s":{"0":3,"1":3,"2":3,"3":3,"4":3,"5":3,"6":3,"7":3,"8":3,"9":3,"10":3,"11":3,"12":3,"13":3,"14":3,"15":3,"16":3,"17":3,"18":3,"19":1,"20":3,"21":1,"22":1,"23":1,"24":0,"25":1,"26":3},"f":{"0":1,"1":1},"b":{"0":[1,0],"1":[1,0],"2":[0,1]},"_coverageSchema":"1a1c01bbd47fc00a2c39e90264f33305004495a9","hash":"9eb18bf5125e4a221ddf4fd744f062f8265ef2b6"}
,"C:\\Users\\mohde\\Documents\\SENECA COLLEGE\\Semester 7\\Cloud Computing for Programmer\\Lab 2\\fragments\\src\\hash.js": {"path":"C:\\Users\\mohde\\Documents\\SENECA COLLEGE\\Semester 7\\Cloud Computing for Programmer\\Lab 2\\fragments\\src\\hash.js","statementMap":{"0":{"start":{"line":18,"column":15},"end":{"line":18,"column":32}},"1":{"start":{"line":24,"column":0},"end":{"line":24,"column":84}},"2":{"start":{"line":24,"column":28},"end":{"line":24,"column":83}}},"fnMap":{"0":{"name":"(anonymous_0)","decl":{"start":{"line":24,"column":17},"end":{"line":24,"column":18}},"loc":{"start":{"line":24,"column":28},"end":{"line":24,"column":83}},"line":24}},"branchMap":{},"s":{"0":3,"1":3,"2":1},"f":{"0":1},"b":{},"_coverageSchema":"1a1c01bbd47fc00a2c39e90264f33305004495a9","hash":"e0a120f08a2dc91bfd5f1b57cdf7e714425d7db7"}
,"C:\\Users\\mohde\\Documents\\SENECA COLLEGE\\Semester 7\\Cloud Computing for Programmer\\Lab 2\\fragments\\src\\logger.js": {"path":"C:\\Users\\mohde\\Documents\\SENECA COLLEGE\\Semester 7\\Cloud Computing for Programmer\\Lab 2\\fragments\\src\\logger.js","statementMap":{"0":{"start":{"line":5,"column":16},"end":{"line":5,"column":58}},"1":{"start":{"line":8,"column":0},"end":{"line":16,"column":1}},"2":{"start":{"line":10,"column":2},"end":{"line":15,"column":4}},"3":{"start":{"line":20,"column":0},"end":{"line":20,"column":42}}},"fnMap":{},"branchMap":{"0":{"loc":{"start":{"line":5,"column":25},"end":{"line":5,"column":56}},"type":"binary-expr","locations":[{"start":{"line":5,"column":25},"end":{"line":5,"column":46}},{"start":{"line":5,"column":50},"end":{"line":5,"column":56}}],"line":5},"1":{"loc":{"start":{"line":8,"column":0},"end":{"line":16,"column":1}},"type":"if","locations":[{"start":{"line":8,"column":0},"end":{"line":16,"column":1}},{"start":{},"end":{}}],"line":8}},"s":{"0":3,"1":3,"2":0,"3":3},"f":{},"b":{"0":[3,0],"1":[0,3]},"_coverageSchema":"1a1c01bbd47fc00a2c39e90264f33305004495a9","hash":"102498622d32b15662a665d374f7772861cb6b47"}
,"C:\\Users\\mohde\\Documents\\SENECA COLLEGE\\Semester 7\\Cloud Computing for Programmer\\Lab 2\\fragments\\src\\response.js": {"path":"C:\\Users\\mohde\\Documents\\SENECA COLLEGE\\Semester 7\\Cloud Computing for Programmer\\Lab 2\\fragments\\src\\response.js","statementMap":{"0":{"start":{"line":11,"column":0},"end":{"line":17,"column":2}},"1":{"start":{"line":12,"column":2},"end":{"line":16,"column":4}},"2":{"start":{"line":30,"column":0},"end":{"line":38,"column":2}},"3":{"start":{"line":31,"column":2},"end":{"line":37,"column":4}}},"fnMap":{"0":{"name":"(anonymous_0)","decl":{"start":{"line":11,"column":39},"end":{"line":11,"column":40}},"loc":{"start":{"line":11,"column":55},"end":{"line":17,"column":1}},"line":11},"1":{"name":"(anonymous_1)","decl":{"start":{"line":30,"column":37},"end":{"line":30,"column":38}},"loc":{"start":{"line":30,"column":62},"end":{"line":38,"column":1}},"line":30}},"branchMap":{},"s":{"0":4,"1":6,"2":4,"3":5},"f":{"0":6,"1":5},"b":{},"_coverageSchema":"1a1c01bbd47fc00a2c39e90264f33305004495a9","hash":"b8a2f4b98650f6ab06882c2358b5d4d11b4be8fe"}
,"C:\\Users\\mohde\\Documents\\SENECA COLLEGE\\Semester 7\\Cloud Computing for Programmer\\Lab 2\\fragments\\src\\auth\\auth-middleware.js": {"path":"C:\\Users\\mohde\\Documents\\SENECA COLLEGE\\Semester 7\\Cloud Computing for Programmer\\Lab 2\\fragments\\src\\auth\\auth-middleware.js","statementMap":{"0":{"start":{"line":1,"column":17},"end":{"line":1,"column":36}},"1":{"start":{"line":3,"column":32},"end":{"line":3,"column":54}},"2":{"start":{"line":4,"column":13},"end":{"line":4,"column":31}},"3":{"start":{"line":5,"column":15},"end":{"line":5,"column":35}},"4":{"start":{"line":11,"column":0},"end":{"line":43,"column":2}},"5":{"start":{"line":12,"column":2},"end":{"line":42,"column":4}},"6":{"start":{"line":21,"column":6},"end":{"line":24,"column":7}},"7":{"start":{"line":22,"column":8},"end":{"line":22,"column":58}},"8":{"start":{"line":23,"column":8},"end":{"line":23,"column":77}},"9":{"start":{"line":27,"column":6},"end":{"line":29,"column":7}},"10":{"start":{"line":28,"column":8},"end":{"line":28,"column":78}},"11":{"start":{"line":32,"column":6},"end":{"line":32,"column":29}},"12":{"start":{"line":33,"column":6},"end":{"line":33,"column":68}},"13":{"start":{"line":36,"column":6},"end":{"line":36,"column":13}},"14":{"start":{"line":41,"column":4},"end":{"line":41,"column":86}}},"fnMap":{"0":{"name":"(anonymous_0)","decl":{"start":{"line":11,"column":17},"end":{"line":11,"column":18}},"loc":{"start":{"line":11,"column":35},"end":{"line":43,"column":1}},"line":11},"1":{"name":"(anonymous_1)","decl":{"start":{"line":12,"column":9},"end":{"line":12,"column":10}},"loc":{"start":{"line":12,"column":35},"end":{"line":42,"column":3}},"line":12},"2":{"name":"callback","decl":{"start":{"line":19,"column":13},"end":{"line":19,"column":21}},"loc":{"start":{"line":19,"column":34},"end":{"line":37,"column":5}},"line":19}},"branchMap":{"0":{"loc":{"start":{"line":21,"column":6},"end":{"line":24,"column":7}},"type":"if","locations":[{"start":{"line":21,"column":6},"end":{"line":24,"column":7}},{"start":{},"end":{}}],"line":21},"1":{"loc":{"start":{"line":27,"column":6},"end":{"line":29,"column":7}},"type":"if","locations":[{"start":{"line":27,"column":6},"end":{"line":29,"column":7}},{"start":{},"end":{}}],"line":27}},"s":{"0":3,"1":3,"2":3,"3":3,"4":3,"5":3,"6":3,"7":0,"8":0,"9":3,"10":2,"11":1,"12":1,"13":1,"14":3},"f":{"0":3,"1":3,"2":3},"b":{"0":[0,3],"1":[2,1]},"_coverageSchema":"1a1c01bbd47fc00a2c39e90264f33305004495a9","hash":"c05292afef585170fcfd0a137e897095cfe2f02e"}
,"C:\\Users\\mohde\\Documents\\SENECA COLLEGE\\Semester 7\\Cloud Computing for Programmer\\Lab 2\\fragments\\src\\auth\\basic-auth.js": {"path":"C:\\Users\\mohde\\Documents\\SENECA COLLEGE\\Semester 7\\Cloud Computing for Programmer\\Lab 2\\fragments\\src\\auth\\basic-auth.js","statementMap":{"0":{"start":{"line":5,"column":15},"end":{"line":5,"column":35}},"1":{"start":{"line":8,"column":13},"end":{"line":8,"column":33}},"2":{"start":{"line":9,"column":21},"end":{"line":9,"column":50}},"3":{"start":{"line":12,"column":18},"end":{"line":12,"column":46}},"4":{"start":{"line":15,"column":0},"end":{"line":17,"column":1}},"5":{"start":{"line":16,"column":2},"end":{"line":16,"column":61}},"6":{"start":{"line":19,"column":0},"end":{"line":26,"column":4}},"7":{"start":{"line":22,"column":2},"end":{"line":26,"column":3}},"8":{"start":{"line":32,"column":0},"end":{"line":32,"column":54}},"9":{"start":{"line":32,"column":36},"end":{"line":32,"column":53}}},"fnMap":{"0":{"name":"(anonymous_0)","decl":{"start":{"line":19,"column":26},"end":{"line":19,"column":27}},"loc":{"start":{"line":22,"column":2},"end":{"line":26,"column":3}},"line":22},"1":{"name":"(anonymous_1)","decl":{"start":{"line":32,"column":30},"end":{"line":32,"column":31}},"loc":{"start":{"line":32,"column":36},"end":{"line":32,"column":53}},"line":32}},"branchMap":{"0":{"loc":{"start":{"line":15,"column":0},"end":{"line":17,"column":1}},"type":"if","locations":[{"start":{"line":15,"column":0},"end":{"line":17,"column":1}},{"start":{},"end":{}}],"line":15}},"s":{"0":3,"1":3,"2":3,"3":3,"4":3,"5":0,"6":3,"7":3,"8":3,"9":3},"f":{"0":3,"1":3},"b":{"0":[0,3]},"_coverageSchema":"1a1c01bbd47fc00a2c39e90264f33305004495a9","hash":"acd00c6571c5404073348f0f325501a07865c817"}
,"C:\\Users\\mohde\\Documents\\SENECA COLLEGE\\Semester 7\\Cloud Computing for Programmer\\Lab 2\\fragments\\src\\auth\\index.js": {"path":"C:\\Users\\mohde\\Documents\\SENECA COLLEGE\\Semester 7\\Cloud Computing for Programmer\\Lab 2\\fragments\\src\\auth\\index.js","statementMap":{"0":{"start":{"line":7,"column":0},"end":{"line":15,"column":1}},"1":{"start":{"line":12,"column":2},"end":{"line":14,"column":4}},"2":{"start":{"line":18,"column":0},"end":{"line":28,"column":1}},"3":{"start":{"line":19,"column":2},"end":{"line":19,"column":40}},"4":{"start":{"line":22,"column":5},"end":{"line":28,"column":1}},"5":{"start":{"line":23,"column":2},"end":{"line":23,"column":43}},"6":{"start":{"line":27,"column":2},"end":{"line":27,"column":76}}},"fnMap":{},"branchMap":{"0":{"loc":{"start":{"line":7,"column":0},"end":{"line":15,"column":1}},"type":"if","locations":[{"start":{"line":7,"column":0},"end":{"line":15,"column":1}},{"start":{},"end":{}}],"line":7},"1":{"loc":{"start":{"line":8,"column":2},"end":{"line":10,"column":27}},"type":"binary-expr","locations":[{"start":{"line":8,"column":2},"end":{"line":8,"column":33}},{"start":{"line":9,"column":2},"end":{"line":9,"column":35}},{"start":{"line":10,"column":2},"end":{"line":10,"column":27}}],"line":8},"2":{"loc":{"start":{"line":18,"column":0},"end":{"line":28,"column":1}},"type":"if","locations":[{"start":{"line":18,"column":0},"end":{"line":28,"column":1}},{"start":{"line":22,"column":5},"end":{"line":28,"column":1}}],"line":18},"3":{"loc":{"start":{"line":18,"column":4},"end":{"line":18,"column":72}},"type":"binary-expr","locations":[{"start":{"line":18,"column":4},"end":{"line":18,"column":35}},{"start":{"line":18,"column":39},"end":{"line":18,"column":72}}],"line":18},"4":{"loc":{"start":{"line":22,"column":5},"end":{"line":28,"column":1}},"type":"if","locations":[{"start":{"line":22,"column":5},"end":{"line":28,"column":1}},{"start":{"line":26,"column":5},"end":{"line":28,"column":1}}],"line":22},"5":{"loc":{"start":{"line":22,"column":9},"end":{"line":22,"column":71}},"type":"binary-expr","locations":[{"start":{"line":22,"column":9},"end":{"line":22,"column":34}},{"start":{"line":22,"column":38},"end":{"line":22,"column":71}}],"line":22}},"s":{"0":3,"1":0,"2":3,"3":0,"4":3,"5":3,"6":0},"f":{},"b":{"0":[0,3],"1":[3,0,0],"2":[0,3],"3":[3,0],"4":[3,0],"5":[3,3]},"_coverageSchema":"1a1c01bbd47fc00a2c39e90264f33305004495a9","hash":"422f9876f8bb210da3f1c9ed1ebddb435094b3a6"}
,"C:\\Users\\mohde\\Documents\\SENECA COLLEGE\\Semester 7\\Cloud Computing for Programmer\\Lab 2\\fragments\\src\\model\\fragment.js": {"path":"C:\\Users\\mohde\\Documents\\SENECA COLLEGE\\Semester 7\\Cloud Computing for Programmer\\Lab 2\\fragments\\src\\model\\fragment.js","statementMap":{"0":{"start":{"line":5,"column":23},"end":{"line":5,"column":40}},"1":{"start":{"line":7,"column":20},"end":{"line":7,"column":43}},"2":{"start":{"line":8,"column":15},"end":{"line":8,"column":35}},"3":{"start":{"line":10,"column":11},"end":{"line":12,"column":2}},"4":{"start":{"line":22,"column":4},"end":{"line":22,"column":21}},"5":{"start":{"line":27,"column":4},"end":{"line":27,"column":100}},"6":{"start":{"line":29,"column":4},"end":{"line":29,"column":33}},"7":{"start":{"line":31,"column":4},"end":{"line":35,"column":5}},"8":{"start":{"line":32,"column":6},"end":{"line":32,"column":69}},"9":{"start":{"line":34,"column":6},"end":{"line":34,"column":29}},"10":{"start":{"line":37,"column":4},"end":{"line":41,"column":5}},"11":{"start":{"line":38,"column":6},"end":{"line":38,"column":46}},"12":{"start":{"line":40,"column":6},"end":{"line":40,"column":29}},"13":{"start":{"line":43,"column":4},"end":{"line":47,"column":5}},"14":{"start":{"line":44,"column":6},"end":{"line":44,"column":46}},"15":{"start":{"line":46,"column":6},"end":{"line":46,"column":29}},"16":{"start":{"line":49,"column":4},"end":{"line":56,"column":5}},"17":{"start":{"line":50,"column":6},"end":{"line":50,"column":60}},"18":{"start":{"line":52,"column":6},"end":{"line":54,"column":7}},"19":{"start":{"line":53,"column":8},"end":{"line":53,"column":72}},"20":{"start":{"line":55,"column":6},"end":{"line":55,"column":23}},"21":{"start":{"line":58,"column":4},"end":{"line":62,"column":5}},"22":{"start":{"line":59,"column":6},"end":{"line":59,"column":77}},"23":{"start":{"line":61,"column":6},"end":{"line":61,"column":23}},"24":{"start":{"line":72,"column":4},"end":{"line":72,"column":77}},"25":{"start":{"line":73,"column":4},"end":{"line":82,"column":5}},"26":{"start":{"line":74,"column":20},"end":{"line":74,"column":56}},"27":{"start":{"line":75,"column":6},"end":{"line":79,"column":7}},"28":{"start":{"line":76,"column":8},"end":{"line":76,"column":21}},"29":{"start":{"line":78,"column":8},"end":{"line":78,"column":63}},"30":{"start":{"line":78,"column":39},"end":{"line":78,"column":61}},"31":{"start":{"line":81,"column":6},"end":{"line":81,"column":16}},"32":{"start":{"line":92,"column":4},"end":{"line":92,"column":71}},"33":{"start":{"line":93,"column":4},"end":{"line":99,"column":5}},"34":{"start":{"line":94,"column":20},"end":{"line":94,"column":51}},"35":{"start":{"line":95,"column":6},"end":{"line":95,"column":33}},"36":{"start":{"line":97,"column":6},"end":{"line":97,"column":51}},"37":{"start":{"line":98,"column":6},"end":{"line":98,"column":89}},"38":{"start":{"line":109,"column":4},"end":{"line":109,"column":73}},"39":{"start":{"line":110,"column":4},"end":{"line":110,"column":39}},"40":{"start":{"line":118,"column":4},"end":{"line":124,"column":5}},"41":{"start":{"line":119,"column":6},"end":{"line":119,"column":37}},"42":{"start":{"line":120,"column":6},"end":{"line":120,"column":46}},"43":{"start":{"line":121,"column":6},"end":{"line":121,"column":33}},"44":{"start":{"line":123,"column":6},"end":{"line":123,"column":77}},"45":{"start":{"line":132,"column":4},"end":{"line":137,"column":5}},"46":{"start":{"line":133,"column":6},"end":{"line":133,"column":40}},"47":{"start":{"line":134,"column":6},"end":{"line":134,"column":59}},"48":{"start":{"line":136,"column":6},"end":{"line":136,"column":53}},"49":{"start":{"line":146,"column":4},"end":{"line":146,"column":55}},"50":{"start":{"line":147,"column":4},"end":{"line":160,"column":5}},"51":{"start":{"line":148,"column":6},"end":{"line":156,"column":7}},"52":{"start":{"line":149,"column":8},"end":{"line":149,"column":48}},"53":{"start":{"line":150,"column":8},"end":{"line":150,"column":32}},"54":{"start":{"line":151,"column":8},"end":{"line":151,"column":34}},"55":{"start":{"line":152,"column":8},"end":{"line":152,"column":26}},"56":{"start":{"line":153,"column":8},"end":{"line":153,"column":62}},"57":{"start":{"line":155,"column":8},"end":{"line":155,"column":84}},"58":{"start":{"line":158,"column":6},"end":{"line":158,"column":55}},"59":{"start":{"line":159,"column":6},"end":{"line":159,"column":35}},"60":{"start":{"line":169,"column":21},"end":{"line":169,"column":49}},"61":{"start":{"line":170,"column":4},"end":{"line":170,"column":16}},"62":{"start":{"line":178,"column":4},"end":{"line":178,"column":37}},"63":{"start":{"line":179,"column":4},"end":{"line":179,"column":44}},"64":{"start":{"line":187,"column":4},"end":{"line":187,"column":38}},"65":{"start":{"line":188,"column":4},"end":{"line":206,"column":5}},"66":{"start":{"line":189,"column":6},"end":{"line":189,"column":28}},"67":{"start":{"line":190,"column":11},"end":{"line":206,"column":5}},"68":{"start":{"line":191,"column":6},"end":{"line":191,"column":58}},"69":{"start":{"line":192,"column":11},"end":{"line":206,"column":5}},"70":{"start":{"line":193,"column":6},"end":{"line":193,"column":41}},"71":{"start":{"line":194,"column":11},"end":{"line":206,"column":5}},"72":{"start":{"line":195,"column":6},"end":{"line":195,"column":48}},"73":{"start":{"line":196,"column":11},"end":{"line":206,"column":5}},"74":{"start":{"line":197,"column":6},"end":{"line":197,"column":68}},"75":{"start":{"line":198,"column":11},"end":{"line":206,"column":5}},"76":{"start":{"line":199,"column":6},"end":{"line":199,"column":68}},"77":{"start":{"line":200,"column":11},"end":{"line":206,"column":5}},"78":{"start":{"line":201,"column":6},"end":{"line":201,"column":68}},"79":{"start":{"line":202,"column":11},"end":{"line":206,"column":5}},"80":{"start":{"line":203,"column":6},"end":{"line":203,"column":68}},"81":{"start":{"line":205,"column":6},"end":{"line":205,"column":16}},"82":{"start":{"line":215,"column":4},"end":{"line":215,"column":74}},"83":{"start":{"line":216,"column":4},"end":{"line":227,"column":22}},"84":{"start":{"line":234,"column":4},"end":{"line":234,"column":89}},"85":{"start":{"line":235,"column":20},"end":{"line":235,"column":32}},"86":{"start":{"line":236,"column":4},"end":{"line":236,"column":88}},"87":{"start":{"line":236,"column":33},"end":{"line":236,"column":88}},"88":{"start":{"line":238,"column":6},"end":{"line":238,"column":29}},"89":{"start":{"line":243,"column":0},"end":{"line":243,"column":35}}},"fnMap":{"0":{"name":"(anonymous_0)","decl":{"start":{"line":25,"column":2},"end":{"line":25,"column":3}},"loc":{"start":{"line":25,"column":65},"end":{"line":63,"column":3}},"line":25},"1":{"name":"(anonymous_1)","decl":{"start":{"line":71,"column":2},"end":{"line":71,"column":3}},"loc":{"start":{"line":71,"column":47},"end":{"line":83,"column":3}},"line":71},"2":{"name":"(anonymous_2)","decl":{"start":{"line":78,"column":25},"end":{"line":78,"column":26}},"loc":{"start":{"line":78,"column":39},"end":{"line":78,"column":61}},"line":78},"3":{"name":"(anonymous_3)","decl":{"start":{"line":91,"column":2},"end":{"line":91,"column":3}},"loc":{"start":{"line":91,"column":33},"end":{"line":100,"column":3}},"line":91},"4":{"name":"(anonymous_4)","decl":{"start":{"line":108,"column":2},"end":{"line":108,"column":3}},"loc":{"start":{"line":108,"column":29},"end":{"line":111,"column":3}},"line":108},"5":{"name":"(anonymous_5)","decl":{"start":{"line":117,"column":2},"end":{"line":117,"column":3}},"loc":{"start":{"line":117,"column":9},"end":{"line":125,"column":3}},"line":117},"6":{"name":"(anonymous_6)","decl":{"start":{"line":131,"column":2},"end":{"line":131,"column":3}},"loc":{"start":{"line":131,"column":18},"end":{"line":138,"column":3}},"line":131},"7":{"name":"(anonymous_7)","decl":{"start":{"line":145,"column":2},"end":{"line":145,"column":3}},"loc":{"start":{"line":145,"column":22},"end":{"line":161,"column":3}},"line":145},"8":{"name":"(anonymous_8)","decl":{"start":{"line":168,"column":2},"end":{"line":168,"column":3}},"loc":{"start":{"line":168,"column":17},"end":{"line":171,"column":3}},"line":168},"9":{"name":"(anonymous_9)","decl":{"start":{"line":177,"column":2},"end":{"line":177,"column":3}},"loc":{"start":{"line":177,"column":15},"end":{"line":180,"column":3}},"line":177},"10":{"name":"(anonymous_10)","decl":{"start":{"line":186,"column":2},"end":{"line":186,"column":3}},"loc":{"start":{"line":186,"column":16},"end":{"line":207,"column":3}},"line":186},"11":{"name":"(anonymous_11)","decl":{"start":{"line":214,"column":2},"end":{"line":214,"column":3}},"loc":{"start":{"line":214,"column":32},"end":{"line":228,"column":3}},"line":214},"12":{"name":"(anonymous_12)","decl":{"start":{"line":233,"column":2},"end":{"line":233,"column":3}},"loc":{"start":{"line":233,"column":37},"end":{"line":240,"column":3}},"line":233}},"branchMap":{"0":{"loc":{"start":{"line":25,"column":53},"end":{"line":25,"column":61}},"type":"default-arg","locations":[{"start":{"line":25,"column":60},"end":{"line":25,"column":61}}],"line":25},"1":{"loc":{"start":{"line":29,"column":14},"end":{"line":29,"column":32}},"type":"binary-expr","locations":[{"start":{"line":29,"column":14},"end":{"line":29,"column":16}},{"start":{"line":29,"column":20},"end":{"line":29,"column":32}}],"line":29},"2":{"loc":{"start":{"line":31,"column":4},"end":{"line":35,"column":5}},"type":"if","locations":[{"start":{"line":31,"column":4},"end":{"line":35,"column":5}},{"start":{"line":33,"column":11},"end":{"line":35,"column":5}}],"line":31},"3":{"loc":{"start":{"line":37,"column":4},"end":{"line":41,"column":5}},"type":"if","locations":[{"start":{"line":37,"column":4},"end":{"line":41,"column":5}},{"start":{"line":39,"column":11},"end":{"line":41,"column":5}}],"line":37},"4":{"loc":{"start":{"line":43,"column":4},"end":{"line":47,"column":5}},"type":"if","locations":[{"start":{"line":43,"column":4},"end":{"line":47,"column":5}},{"start":{"line":45,"column":11},"end":{"line":47,"column":5}}],"line":43},"5":{"loc":{"start":{"line":49,"column":4},"end":{"line":56,"column":5}},"type":"if","locations":[{"start":{"line":49,"column":4},"end":{"line":56,"column":5}},{"start":{"line":51,"column":11},"end":{"line":56,"column":5}}],"line":49},"6":{"loc":{"start":{"line":52,"column":6},"end":{"line":54,"column":7}},"type":"if","locations":[{"start":{"line":52,"column":6},"end":{"line":54,"column":7}},{"start":{},"end":{}}],"line":52},"7":{"loc":{"start":{"line":58,"column":4},"end":{"line":62,"column":5}},"type":"if","locations":[{"start":{"line":58,"column":4},"end":{"line":62,"column":5}},{"start":{"line":60,"column":11},"end":{"line":62,"column":5}}],"line":58},"8":{"loc":{"start":{"line":58,"column":8},"end":{"line":58,"column":44}},"type":"binary-expr","locations":[{"start":{"line":58,"column":8},"end":{"line":58,"column":16}},{"start":{"line":58,"column":20},"end":{"line":58,"column":44}}],"line":58},"9":{"loc":{"start":{"line":71,"column":31},"end":{"line":71,"column":45}},"type":"default-arg","locations":[{"start":{"line":71,"column":40},"end":{"line":71,"column":45}}],"line":71},"10":{"loc":{"start":{"line":75,"column":6},"end":{"line":79,"column":7}},"type":"if","locations":[{"start":{"line":75,"column":6},"end":{"line":79,"column":7}},{"start":{"line":77,"column":13},"end":{"line":79,"column":7}}],"line":75},"11":{"loc":{"start":{"line":148,"column":6},"end":{"line":156,"column":7}},"type":"if","locations":[{"start":{"line":148,"column":6},"end":{"line":156,"column":7}},{"start":{"line":154,"column":13},"end":{"line":156,"column":7}}],"line":148},"12":{"loc":{"start":{"line":188,"column":4},"end":{"line":206,"column":5}},"type":"if","locations":[{"start":{"line":188,"column":4},"end":{"line":206,"column":5}},{"start":{"line":190,"column":11},"end":{"line":206,"column":5}}],"line":188},"13":{"loc":{"start":{"line":190,"column":11},"end":{"line":206,"column":5}},"type":"if","locations":[{"start":{"line":190,"column":11},"end":{"line":206,"column":5}},{"start":{"line":192,"column":11},"end":{"line":206,"column":5}}],"line":190},"14":{"loc":{"start":{"line":192,"column":11},"end":{"line":206,"column":5}},"type":"if","locations":[{"start":{"line":192,"column":11},"end":{"line":206,"column":5}},{"start":{"line":194,"column":11},"end":{"line":206,"column":5}}],"line":192},"15":{"loc":{"start":{"line":194,"column":11},"end":{"line":206,"column":5}},"type":"if","locations":[{"start":{"line":194,"column":11},"end":{"line":206,"column":5}},{"start":{"line":196,"column":11},"end":{"line":206,"column":5}}],"line":194},"16":{"loc":{"start":{"line":196,"column":11},"end":{"line":206,"column":5}},"type":"if","locations":[{"start":{"line":196,"column":11},"end":{"line":206,"column":5}},{"start":{"line":198,"column":11},"end":{"line":206,"column":5}}],"line":196},"17":{"loc":{"start":{"line":198,"column":11},"end":{"line":206,"column":5}},"type":"if","locations":[{"start":{"line":198,"column":11},"end":{"line":206,"column":5}},{"start":{"line":200,"column":11},"end":{"line":206,"column":5}}],"line":198},"18":{"loc":{"start":{"line":200,"column":11},"end":{"line":206,"column":5}},"type":"if","locations":[{"start":{"line":200,"column":11},"end":{"line":206,"column":5}},{"start":{"line":202,"column":11},"end":{"line":206,"column":5}}],"line":200},"19":{"loc":{"start":{"line":202,"column":11},"end":{"line":206,"column":5}},"type":"if","locations":[{"start":{"line":202,"column":11},"end":{"line":206,"column":5}},{"start":{"line":204,"column":11},"end":{"line":206,"column":5}}],"line":202},"20":{"loc":{"start":{"line":236,"column":4},"end":{"line":236,"column":88}},"type":"if","locations":[{"start":{"line":236,"column":4},"end":{"line":236,"column":88}},{"start":{},"end":{}}],"line":236}},"s":{"0":3,"1":3,"2":3,"3":3,"4":3,"5":0,"6":0,"7":0,"8":0,"9":0,"10":0,"11":0,"12":0,"13":0,"14":0,"15":0,"16":0,"17":0,"18":0,"19":0,"20":0,"21":0,"22":0,"23":0,"24":0,"25":0,"26":0,"27":0,"28":0,"29":0,"30":0,"31":0,"32":0,"33":0,"34":0,"35":0,"36":0,"37":0,"38":0,"39":0,"40":0,"41":0,"42":0,"43":0,"44":0,"45":0,"46":0,"47":0,"48":0,"49":0,"50":0,"51":0,"52":0,"53":0,"54":0,"55":0,"56":0,"57":0,"58":0,"59":0,"60":0,"61":0,"62":0,"63":0,"64":0,"65":0,"66":0,"67":0,"68":0,"69":0,"70":0,"71":0,"72":0,"73":0,"74":0,"75":0,"76":0,"77":0,"78":0,"79":0,"80":0,"81":0,"82":0,"83":0,"84":0,"85":0,"86":0,"87":0,"88":0,"89":3},"f":{"0":0,"1":0,"2":0,"3":0,"4":0,"5":0,"6":0,"7":0,"8":0,"9":0,"10":0,"11":0,"12":0},"b":{"0":[0],"1":[0,0],"2":[0,0],"3":[0,0],"4":[0,0],"5":[0,0],"6":[0,0],"7":[0,0],"8":[0,0],"9":[0],"10":[0,0],"11":[0,0],"12":[0,0],"13":[0,0],"14":[0,0],"15":[0,0],"16":[0,0],"17":[0,0],"18":[0,0],"19":[0,0],"20":[0,0]},"_coverageSchema":"1a1c01bbd47fc00a2c39e90264f33305004495a9","hash":"9e5a01687d85e991ce31b29b633e0e8864a9353c"}
,"C:\\Users\\mohde\\Documents\\SENECA COLLEGE\\Semester 7\\Cloud Computing for Programmer\\Lab 2\\fragments\\src\\model\\data\\index.js": {"path":"C:\\Users\\mohde\\Documents\\SENECA COLLEGE\\Semester 7\\Cloud Computing for Programmer\\Lab 2\\fragments\\src\\model\\data\\index.js","statementMap":{"0":{"start":{"line":5,"column":0},"end":{"line":5,"column":81}}},"fnMap":{},"branchMap":{"0":{"loc":{"start":{"line":5,"column":17},"end":{"line":5,"column":80}},"type":"cond-expr","locations":[{"start":{"line":5,"column":42},"end":{"line":5,"column":58}},{"start":{"line":5,"column":61},"end":{"line":5,"column":80}}],"line":5}},"s":{"0":3},"f":{},"b":{"0":[0,3]},"_coverageSchema":"1a1c01bbd47fc00a2c39e90264f33305004495a9","hash":"45486f2a950ec7bddb210d261bcbc02c42125dd5"}
,"C:\\Users\\mohde\\Documents\\SENECA COLLEGE\\Semester 7\\Cloud Computing for Programmer\\Lab 2\\fragments\\src\\model\\data\\memory\\index.js": {"path":"C:\\Users\\mohde\\Documents\\SENECA COLLEGE\\Semester 7\\Cloud Computing for Programmer\\Lab 2\\fragments\\src\\model\\data\\memory\\index.js","statementMap":{"0":{"start":{"line":3,"column":17},"end":{"line":3,"column":39}},"1":{"start":{"line":6,"column":13},"end":{"line":6,"column":27}},"2":{"start":{"line":7,"column":17},"end":{"line":7,"column":31}},"3":{"start":{"line":11,"column":2},"end":{"line":11,"column":63}},"4":{"start":{"line":16,"column":2},"end":{"line":16,"column":35}},"5":{"start":{"line":21,"column":2},"end":{"line":21,"column":39}},"6":{"start":{"line":26,"column":2},"end":{"line":26,"column":31}},"7":{"start":{"line":31,"column":20},"end":{"line":31,"column":49}},"8":{"start":{"line":34,"column":2},"end":{"line":36,"column":3}},"9":{"start":{"line":35,"column":4},"end":{"line":35,"column":21}},"10":{"start":{"line":39,"column":2},"end":{"line":39,"column":50}},"11":{"start":{"line":39,"column":37},"end":{"line":39,"column":48}},"12":{"start":{"line":44,"column":2},"end":{"line":49,"column":5}},"13":{"start":{"line":52,"column":0},"end":{"line":52,"column":45}},"14":{"start":{"line":53,"column":0},"end":{"line":53,"column":45}},"15":{"start":{"line":54,"column":0},"end":{"line":54,"column":43}},"16":{"start":{"line":55,"column":0},"end":{"line":55,"column":53}},"17":{"start":{"line":56,"column":0},"end":{"line":56,"column":51}},"18":{"start":{"line":57,"column":0},"end":{"line":57,"column":47}}},"fnMap":{"0":{"name":"writeFragment","decl":{"start":{"line":10,"column":9},"end":{"line":10,"column":22}},"loc":{"start":{"line":10,"column":33},"end":{"line":12,"column":1}},"line":10},"1":{"name":"readFragment","decl":{"start":{"line":15,"column":9},"end":{"line":15,"column":21}},"loc":{"start":{"line":15,"column":35},"end":{"line":17,"column":1}},"line":15},"2":{"name":"writeFragmentData","decl":{"start":{"line":20,"column":9},"end":{"line":20,"column":26}},"loc":{"start":{"line":20,"column":48},"end":{"line":22,"column":1}},"line":20},"3":{"name":"readFragmentData","decl":{"start":{"line":25,"column":9},"end":{"line":25,"column":25}},"loc":{"start":{"line":25,"column":39},"end":{"line":27,"column":1}},"line":25},"4":{"name":"listFragments","decl":{"start":{"line":30,"column":15},"end":{"line":30,"column":28}},"loc":{"start":{"line":30,"column":54},"end":{"line":40,"column":1}},"line":30},"5":{"name":"(anonymous_5)","decl":{"start":{"line":39,"column":23},"end":{"line":39,"column":24}},"loc":{"start":{"line":39,"column":37},"end":{"line":39,"column":48}},"line":39},"6":{"name":"deleteFragment","decl":{"start":{"line":43,"column":9},"end":{"line":43,"column":23}},"loc":{"start":{"line":43,"column":37},"end":{"line":50,"column":1}},"line":43}},"branchMap":{"0":{"loc":{"start":{"line":30,"column":38},"end":{"line":30,"column":52}},"type":"default-arg","locations":[{"start":{"line":30,"column":47},"end":{"line":30,"column":52}}],"line":30},"1":{"loc":{"start":{"line":34,"column":2},"end":{"line":36,"column":3}},"type":"if","locations":[{"start":{"line":34,"column":2},"end":{"line":36,"column":3}},{"start":{},"end":{}}],"line":34},"2":{"loc":{"start":{"line":34,"column":6},"end":{"line":34,"column":26}},"type":"binary-expr","locations":[{"start":{"line":34,"column":6},"end":{"line":34,"column":12}},{"start":{"line":34,"column":16},"end":{"line":34,"column":26}}],"line":34}},"s":{"0":3,"1":3,"2":3,"3":0,"4":0,"5":0,"6":0,"7":0,"8":0,"9":0,"10":0,"11":0,"12":0,"13":3,"14":3,"15":3,"16":3,"17":3,"18":3},"f":{"0":0,"1":0,"2":0,"3":0,"4":0,"5":0,"6":0},"b":{"0":[0],"1":[0,0],"2":[0,0]},"_coverageSchema":"1a1c01bbd47fc00a2c39e90264f33305004495a9","hash":"1e236acc528b5dacbacea482ce9ee1cabad69297"}
,"C:\\Users\\mohde\\Documents\\SENECA COLLEGE\\Semester 7\\Cloud Computing for Programmer\\Lab 2\\fragments\\src\\model\\data\\memory\\memory-db.js": {"path":"C:\\Users\\mohde\\Documents\\SENECA COLLEGE\\Semester 7\\Cloud Computing for Programmer\\Lab 2\\fragments\\src\\model\\data\\memory\\memory-db.js","statementMap":{"0":{"start":{"line":3,"column":20},"end":{"line":3,"column":52}},"1":{"start":{"line":3,"column":29},"end":{"line":3,"column":52}},"2":{"start":{"line":8,"column":4},"end":{"line":8,"column":17}},"3":{"start":{"line":18,"column":4},"end":{"line":22,"column":5}},"4":{"start":{"line":19,"column":6},"end":{"line":21,"column":8}},"5":{"start":{"line":24,"column":15},"end":{"line":24,"column":22}},"6":{"start":{"line":25,"column":18},"end":{"line":25,"column":64}},"7":{"start":{"line":26,"column":4},"end":{"line":26,"column":34}},"8":{"start":{"line":36,"column":4},"end":{"line":40,"column":5}},"9":{"start":{"line":37,"column":6},"end":{"line":39,"column":8}},"10":{"start":{"line":42,"column":15},"end":{"line":42,"column":22}},"11":{"start":{"line":44,"column":4},"end":{"line":44,"column":42}},"12":{"start":{"line":46,"column":4},"end":{"line":46,"column":41}},"13":{"start":{"line":47,"column":4},"end":{"line":47,"column":29}},"14":{"start":{"line":57,"column":4},"end":{"line":59,"column":5}},"15":{"start":{"line":58,"column":6},"end":{"line":58,"column":85}},"16":{"start":{"line":62,"column":15},"end":{"line":62,"column":22}},"17":{"start":{"line":63,"column":19},"end":{"line":63,"column":70}},"18":{"start":{"line":64,"column":4},"end":{"line":64,"column":35}},"19":{"start":{"line":74,"column":4},"end":{"line":78,"column":5}},"20":{"start":{"line":75,"column":6},"end":{"line":77,"column":8}},"21":{"start":{"line":81,"column":4},"end":{"line":85,"column":5}},"22":{"start":{"line":82,"column":6},"end":{"line":84,"column":8}},"23":{"start":{"line":87,"column":15},"end":{"line":87,"column":22}},"24":{"start":{"line":88,"column":4},"end":{"line":88,"column":40}},"25":{"start":{"line":89,"column":4},"end":{"line":89,"column":29}},"26":{"start":{"line":93,"column":0},"end":{"line":93,"column":26}}},"fnMap":{"0":{"name":"(anonymous_0)","decl":{"start":{"line":3,"column":20},"end":{"line":3,"column":21}},"loc":{"start":{"line":3,"column":29},"end":{"line":3,"column":52}},"line":3},"1":{"name":"(anonymous_1)","decl":{"start":{"line":6,"column":2},"end":{"line":6,"column":3}},"loc":{"start":{"line":6,"column":16},"end":{"line":9,"column":3}},"line":6},"2":{"name":"(anonymous_2)","decl":{"start":{"line":17,"column":2},"end":{"line":17,"column":3}},"loc":{"start":{"line":17,"column":32},"end":{"line":27,"column":3}},"line":17},"3":{"name":"(anonymous_3)","decl":{"start":{"line":35,"column":2},"end":{"line":35,"column":3}},"loc":{"start":{"line":35,"column":39},"end":{"line":48,"column":3}},"line":35},"4":{"name":"(anonymous_4)","decl":{"start":{"line":56,"column":2},"end":{"line":56,"column":3}},"loc":{"start":{"line":56,"column":20},"end":{"line":65,"column":3}},"line":56},"5":{"name":"(anonymous_5)","decl":{"start":{"line":73,"column":2},"end":{"line":73,"column":3}},"loc":{"start":{"line":73,"column":38},"end":{"line":90,"column":3}},"line":73}},"branchMap":{"0":{"loc":{"start":{"line":18,"column":4},"end":{"line":22,"column":5}},"type":"if","locations":[{"start":{"line":18,"column":4},"end":{"line":22,"column":5}},{"start":{},"end":{}}],"line":18},"1":{"loc":{"start":{"line":18,"column":10},"end":{"line":18,"column":62}},"type":"binary-expr","locations":[{"start":{"line":18,"column":10},"end":{"line":18,"column":33}},{"start":{"line":18,"column":37},"end":{"line":18,"column":62}}],"line":18},"2":{"loc":{"start":{"line":25,"column":18},"end":{"line":25,"column":64}},"type":"binary-expr","locations":[{"start":{"line":25,"column":18},"end":{"line":25,"column":32}},{"start":{"line":25,"column":36},"end":{"line":25,"column":64}}],"line":25},"3":{"loc":{"start":{"line":36,"column":4},"end":{"line":40,"column":5}},"type":"if","locations":[{"start":{"line":36,"column":4},"end":{"line":40,"column":5}},{"start":{},"end":{}}],"line":36},"4":{"loc":{"start":{"line":36,"column":10},"end":{"line":36,"column":62}},"type":"binary-expr","locations":[{"start":{"line":36,"column":10},"end":{"line":36,"column":33}},{"start":{"line":36,"column":37},"end":{"line":36,"column":62}}],"line":36},"5":{"loc":{"start":{"line":44,"column":21},"end":{"line":44,"column":41}},"type":"binary-expr","locations":[{"start":{"line":44,"column":21},"end":{"line":44,"column":35}},{"start":{"line":44,"column":39},"end":{"line":44,"column":41}}],"line":44},"6":{"loc":{"start":{"line":57,"column":4},"end":{"line":59,"column":5}},"type":"if","locations":[{"start":{"line":57,"column":4},"end":{"line":59,"column":5}},{"start":{},"end":{}}],"line":57},"7":{"loc":{"start":{"line":63,"column":19},"end":{"line":63,"column":70}},"type":"cond-expr","locations":[{"start":{"line":63,"column":36},"end":{"line":63,"column":65}},{"start":{"line":63,"column":68},"end":{"line":63,"column":70}}],"line":63},"8":{"loc":{"start":{"line":74,"column":4},"end":{"line":78,"column":5}},"type":"if","locations":[{"start":{"line":74,"column":4},"end":{"line":78,"column":5}},{"start":{},"end":{}}],"line":74},"9":{"loc":{"start":{"line":74,"column":10},"end":{"line":74,"column":62}},"type":"binary-expr","locations":[{"start":{"line":74,"column":10},"end":{"line":74,"column":33}},{"start":{"line":74,"column":37},"end":{"line":74,"column":62}}],"line":74},"10":{"loc":{"start":{"line":81,"column":4},"end":{"line":85,"column":5}},"type":"if","locations":[{"start":{"line":81,"column":4},"end":{"line":85,"column":5}},{"start":{},"end":{}}],"line":81}},"s":{"0":3,"1":0,"2":6,"3":0,"4":0,"5":0,"6":0,"7":0,"8":0,"9":0,"10":0,"11":0,"12":0,"13":0,"14":0,"15":0,"16":0,"17":0,"18":0,"19":0,"20":0,"21":0,"22":0,"23":0,"24":0,"25":0,"26":3},"f":{"0":0,"1":6,"2":0,"3":0,"4":0,"5":0},"b":{"0":[0,0],"1":[0,0],"2":[0,0],"3":[0,0],"4":[0,0],"5":[0,0],"6":[0,0],"7":[0,0],"8":[0,0],"9":[0,0],"10":[0,0]},"_coverageSchema":"1a1c01bbd47fc00a2c39e90264f33305004495a9","hash":"57b4537cb0b6a20e95c2b633a7fd7bf6b0b66c5d"}
,"C:\\Users\\mohde\\Documents\\SENECA COLLEGE\\Semester 7\\Cloud Computing for Programmer\\Lab 2\\fragments\\src\\routes\\index.js": {"path":"C:\\Users\\mohde\\Documents\\SENECA COLLEGE\\Semester 7\\Cloud Computing for Programmer\\Lab 2\\fragments\\src\\routes\\index.js","statementMap":{"0":{"start":{"line":4,"column":16},"end":{"line":4,"column":34}},"1":{"start":{"line":7,"column":28},"end":{"line":7,"column":57}},"2":{"start":{"line":10,"column":25},"end":{"line":10,"column":43}},"3":{"start":{"line":13,"column":34},"end":{"line":13,"column":56}},"4":{"start":{"line":16,"column":15},"end":{"line":16,"column":31}},"5":{"start":{"line":19,"column":21},"end":{"line":19,"column":34}},"6":{"start":{"line":25,"column":0},"end":{"line":25,"column":52}},"7":{"start":{"line":31,"column":0},"end":{"line":44,"column":3}},"8":{"start":{"line":33,"column":2},"end":{"line":33,"column":45}},"9":{"start":{"line":35,"column":2},"end":{"line":43,"column":6}},"10":{"start":{"line":46,"column":0},"end":{"line":46,"column":24}}},"fnMap":{"0":{"name":"(anonymous_0)","decl":{"start":{"line":31,"column":16},"end":{"line":31,"column":17}},"loc":{"start":{"line":31,"column":30},"end":{"line":44,"column":1}},"line":31}},"branchMap":{},"s":{"0":3,"1":3,"2":3,"3":3,"4":3,"5":3,"6":3,"7":3,"8":4,"9":4,"10":3},"f":{"0":4},"b":{},"_coverageSchema":"1a1c01bbd47fc00a2c39e90264f33305004495a9","hash":"5d9e7d354305c7eedb15d978cbcc7590b9385236"}
,"C:\\Users\\mohde\\Documents\\SENECA COLLEGE\\Semester 7\\Cloud Computing for Programmer\\Lab 2\\fragments\\src\\routes\\api\\get.js": {"path":"C:\\Users\\mohde\\Documents\\SENECA COLLEGE\\Semester 7\\Cloud Computing for Programmer\\Lab 2\\fragments\\src\\routes\\api\\get.js","statementMap":{"0":{"start":{"line":6,"column":0},"end":{"line":13,"column":2}},"1":{"start":{"line":8,"column":2},"end":{"line":12,"column":5}}},"fnMap":{"0":{"name":"(anonymous_0)","decl":{"start":{"line":6,"column":17},"end":{"line":6,"column":18}},"loc":{"start":{"line":6,"column":31},"end":{"line":13,"column":1}},"line":6}},"branchMap":{},"s":{"0":3,"1":1},"f":{"0":1},"b":{},"_coverageSchema":"1a1c01bbd47fc00a2c39e90264f33305004495a9","hash":"d4b90b06e7f1809e6471f876e554814a5f7eff48"}
,"C:\\Users\\mohde\\Documents\\SENECA COLLEGE\\Semester 7\\Cloud Computing for Programmer\\Lab 2\\fragments\\src\\routes\\api\\getWithId.js": {"path":"C:\\Users\\mohde\\Documents\\SENECA COLLEGE\\Semester 7\\Cloud Computing for Programmer\\Lab 2\\fragments\\src\\routes\\api\\getWithId.js","statementMap":{"0":{"start":{"line":3,"column":0},"end":{"line":8,"column":2}},"1":{"start":{"line":4,"column":2},"end":{"line":7,"column":5}}},"fnMap":{"0":{"name":"(anonymous_0)","decl":{"start":{"line":3,"column":17},"end":{"line":3,"column":18}},"loc":{"start":{"line":3,"column":31},"end":{"line":8,"column":1}},"line":3}},"branchMap":{},"s":{"0":3,"1":0},"f":{"0":0},"b":{},"_coverageSchema":"1a1c01bbd47fc00a2c39e90264f33305004495a9","hash":"ec6fa09159c0ccf98333495961fce58871081441"}
,"C:\\Users\\mohde\\Documents\\SENECA COLLEGE\\Semester 7\\Cloud Computing for Programmer\\Lab 2\\fragments\\src\\routes\\api\\index.js": {"path":"C:\\Users\\mohde\\Documents\\SENECA COLLEGE\\Semester 7\\Cloud Computing for Programmer\\Lab 2\\fragments\\src\\routes\\api\\index.js","statementMap":{"0":{"start":{"line":4,"column":21},"end":{"line":4,"column":52}},"1":{"start":{"line":5,"column":20},"end":{"line":5,"column":43}},"2":{"start":{"line":6,"column":16},"end":{"line":6,"column":34}},"3":{"start":{"line":9,"column":15},"end":{"line":9,"column":31}},"4":{"start":{"line":12,"column":16},"end":{"line":20,"column":4}},"5":{"start":{"line":13,"column":2},"end":{"line":20,"column":4}},"6":{"start":{"line":17,"column":23},"end":{"line":17,"column":45}},"7":{"start":{"line":18,"column":6},"end":{"line":18,"column":44}},"8":{"start":{"line":23,"column":13},"end":{"line":24,"column":71}},"9":{"start":{"line":23,"column":23},"end":{"line":24,"column":71}},"10":{"start":{"line":24,"column":2},"end":{"line":24,"column":71}},"11":{"start":{"line":27,"column":0},"end":{"line":27,"column":69}},"12":{"start":{"line":28,"column":0},"end":{"line":28,"column":83}},"13":{"start":{"line":29,"column":0},"end":{"line":35,"column":6}},"14":{"start":{"line":30,"column":2},"end":{"line":34,"column":3}},"15":{"start":{"line":31,"column":4},"end":{"line":31,"column":34}},"16":{"start":{"line":33,"column":4},"end":{"line":33,"column":38}},"17":{"start":{"line":36,"column":0},"end":{"line":42,"column":6}},"18":{"start":{"line":37,"column":2},"end":{"line":41,"column":3}},"19":{"start":{"line":38,"column":4},"end":{"line":38,"column":38}},"20":{"start":{"line":40,"column":4},"end":{"line":40,"column":43}},"21":{"start":{"line":43,"column":0},"end":{"line":49,"column":6}},"22":{"start":{"line":44,"column":2},"end":{"line":48,"column":3}},"23":{"start":{"line":45,"column":4},"end":{"line":45,"column":41}},"24":{"start":{"line":47,"column":4},"end":{"line":47,"column":43}},"25":{"start":{"line":50,"column":0},"end":{"line":56,"column":6}},"26":{"start":{"line":51,"column":2},"end":{"line":55,"column":3}},"27":{"start":{"line":52,"column":4},"end":{"line":52,"column":28}},"28":{"start":{"line":54,"column":4},"end":{"line":54,"column":38}},"29":{"start":{"line":57,"column":0},"end":{"line":63,"column":6}},"30":{"start":{"line":58,"column":2},"end":{"line":62,"column":3}},"31":{"start":{"line":59,"column":4},"end":{"line":59,"column":31}},"32":{"start":{"line":61,"column":4},"end":{"line":61,"column":41}},"33":{"start":{"line":65,"column":0},"end":{"line":65,"column":24}}},"fnMap":{"0":{"name":"(anonymous_0)","decl":{"start":{"line":12,"column":16},"end":{"line":12,"column":17}},"loc":{"start":{"line":13,"column":2},"end":{"line":20,"column":4}},"line":13},"1":{"name":"(anonymous_1)","decl":{"start":{"line":16,"column":10},"end":{"line":16,"column":11}},"loc":{"start":{"line":16,"column":19},"end":{"line":19,"column":5}},"line":16},"2":{"name":"(anonymous_2)","decl":{"start":{"line":23,"column":13},"end":{"line":23,"column":14}},"loc":{"start":{"line":23,"column":23},"end":{"line":24,"column":71}},"line":23},"3":{"name":"(anonymous_3)","decl":{"start":{"line":23,"column":23},"end":{"line":23,"column":24}},"loc":{"start":{"line":24,"column":2},"end":{"line":24,"column":71}},"line":24},"4":{"name":"(anonymous_4)","decl":{"start":{"line":29,"column":30},"end":{"line":29,"column":31}},"loc":{"start":{"line":29,"column":36},"end":{"line":35,"column":1}},"line":29},"5":{"name":"(anonymous_5)","decl":{"start":{"line":36,"column":35},"end":{"line":36,"column":36}},"loc":{"start":{"line":36,"column":41},"end":{"line":42,"column":1}},"line":36},"6":{"name":"(anonymous_6)","decl":{"start":{"line":43,"column":35},"end":{"line":43,"column":36}},"loc":{"start":{"line":43,"column":41},"end":{"line":49,"column":1}},"line":43},"7":{"name":"(anonymous_7)","decl":{"start":{"line":50,"column":41},"end":{"line":50,"column":42}},"loc":{"start":{"line":50,"column":47},"end":{"line":56,"column":1}},"line":50},"8":{"name":"(anonymous_8)","decl":{"start":{"line":57,"column":33},"end":{"line":57,"column":34}},"loc":{"start":{"line":57,"column":39},"end":{"line":63,"column":1}},"line":57}},"branchMap":{"0":{"loc":{"start":{"line":27,"column":25},"end":{"line":27,"column":67}},"type":"binary-expr","locations":[{"start":{"line":27,"column":25},"end":{"line":27,"column":41}},{"start":{"line":27,"column":45},"end":{"line":27,"column":67}}],"line":27},"1":{"loc":{"start":{"line":28,"column":37},"end":{"line":28,"column":81}},"type":"binary-expr","locations":[{"start":{"line":28,"column":37},"end":{"line":28,"column":54}},{"start":{"line":28,"column":58},"end":{"line":28,"column":81}}],"line":28}},"s":{"0":3,"1":3,"2":3,"3":3,"4":3,"5":6,"6":0,"7":0,"8":3,"9":12,"10":0,"11":3,"12":3,"13":3,"14":3,"15":3,"16":0,"17":3,"18":3,"19":3,"20":3,"21":3,"22":3,"23":3,"24":3,"25":3,"26":3,"27":3,"28":3,"29":3,"30":3,"31":3,"32":3,"33":3},"f":{"0":6,"1":0,"2":12,"3":0,"4":3,"5":3,"6":3,"7":3,"8":3},"b":{"0":[3,0],"1":[3,0]},"_coverageSchema":"1a1c01bbd47fc00a2c39e90264f33305004495a9","hash":"99147c98a4807f767573d35c666693fea864d060"}
,"C:\\Users\\mohde\\Documents\\SENECA COLLEGE\\Semester 7\\Cloud Computing for Programmer\\Lab 2\\fragments\\src\\routes\\api\\post.js": {"path":"C:\\Users\\mohde\\Documents\\SENECA COLLEGE\\Semester 7\\Cloud Computing for Programmer\\Lab 2\\fragments\\src\\routes\\api\\post.js","statementMap":{"0":{"start":{"line":3,"column":0},"end":{"line":8,"column":2}},"1":{"start":{"line":4,"column":2},"end":{"line":7,"column":5}}},"fnMap":{"0":{"name":"(anonymous_0)","decl":{"start":{"line":3,"column":17},"end":{"line":3,"column":18}},"loc":{"start":{"line":3,"column":31},"end":{"line":8,"column":1}},"line":3}},"branchMap":{},"s":{"0":3,"1":0},"f":{"0":0},"b":{},"_coverageSchema":"1a1c01bbd47fc00a2c39e90264f33305004495a9","hash":"60968d376722dbe0d6074a4aaefdbc1a31c8e47e"}
}
