TN:
SF:src\hash.js
FN:11,(anonymous_0)
FNF:1
FNH:1
FNDA:3,(anonymous_0)
DA:3,1
DA:11,1
DA:12,3
LF:3
LH:3
BRF:0
BRH:0
end_of_record
TN:
SF:src\logger.js
FNF:0
FNH:0
DA:2,1
DA:3,1
DA:4,1
DA:6,1
DA:7,0
DA:15,1
LF:6
LH:5
BRDA:4,0,0,1
BRDA:4,0,1,0
BRDA:6,1,0,0
BRDA:6,1,1,1
BRF:4
BRH:2
end_of_record
TN:
SF:src\response.js
FN:9,(anonymous_0)
FN:21,(anonymous_1)
FNF:2
FNH:2
FNDA:2,(anonymous_0)
FNDA:1,(anonymous_1)
DA:9,2
DA:21,1
LF:2
LH:2
BRF:0
BRH:0
end_of_record
TN:
SF:src\model\fragment.js
FN:18,(anonymous_0)
FN:39,(anonymous_1)
FN:43,(anonymous_2)
FN:51,(anonymous_3)
FN:64,(anonymous_4)
FN:69,(anonymous_5)
FN:80,(anonymous_6)
FN:84,(anonymous_7)
FN:100,(anonymous_8)
FN:116,(anonymous_9)
FN:120,(anonymous_10)
FN:124,(anonymous_11)
FN:147,(anonymous_12)
FNF:13
FNH:12
FNDA:32,(anonymous_0)
FNDA:3,(anonymous_1)
FNDA:1,(anonymous_2)
FNDA:5,(anonymous_3)
FNDA:1,(anonymous_4)
FNDA:7,(anonymous_5)
FNDA:1,(anonymous_6)
FNDA:0,(anonymous_7)
FNDA:8,(anonymous_8)
FNDA:3,(anonymous_9)
FNDA:1,(anonymous_10)
FNDA:1,(anonymous_11)
FNDA:34,(anonymous_12)
DA:3,1
DA:4,1
DA:5,1
DA:15,1
DA:19,32
DA:20,3
DA:23,29
DA:24,2
DA:27,27
DA:28,1
DA:31,26
DA:32,26
DA:33,26
DA:34,26
DA:35,26
DA:36,26
DA:40,3
DA:41,3
DA:42,3
DA:43,1
DA:46,0
DA:47,0
DA:52,5
DA:53,5
DA:54,5
DA:55,1
DA:57,4
DA:59,1
DA:60,1
DA:65,1
DA:66,1
DA:70,7
DA:71,7
DA:72,7
DA:73,7
DA:75,0
DA:76,0
DA:81,1
DA:85,0
DA:86,0
DA:89,0
DA:90,0
DA:91,0
DA:93,0
DA:96,0
DA:101,8
DA:102,1
DA:103,1
DA:105,7
DA:106,7
DA:107,7
DA:108,7
DA:109,7
DA:111,0
DA:112,0
DA:117,3
DA:121,1
DA:125,1
DA:127,1
DA:128,0
DA:131,1
DA:133,1
DA:135,0
DA:137,0
DA:139,0
DA:141,0
DA:143,0
DA:148,34
DA:161,34
DA:165,1
LF:70
LH:51
BRDA:18,0,0,2
BRDA:19,1,0,3
BRDA:19,1,1,29
BRDA:19,2,0,32
BRDA:19,2,1,30
BRDA:23,3,0,2
BRDA:23,3,1,27
BRDA:23,4,0,29
BRDA:23,4,1,28
BRDA:27,5,0,1
BRDA:27,5,1,26
BRDA:31,6,0,26
BRDA:31,6,1,20
BRDA:33,7,0,26
BRDA:33,7,1,21
BRDA:34,8,0,26
BRDA:34,8,1,21
BRDA:39,9,0,2
BRDA:42,10,0,1
BRDA:42,10,1,2
BRDA:54,11,0,1
BRDA:54,11,1,4
BRDA:85,12,0,0
BRDA:85,12,1,0
BRDA:101,13,0,1
BRDA:101,13,1,7
BRDA:127,14,0,0
BRDA:127,14,1,1
BRDA:131,15,0,1
BRDA:131,15,1,0
BRDA:131,15,2,0
BRDA:131,15,3,0
BRDA:131,15,4,0
BRDA:131,15,5,0
BRF:34
BRH:26
end_of_record
TN:
SF:src\model\data\index.js
FNF:0
FNH:0
DA:5,1
LF:1
LH:1
BRDA:5,0,0,0
BRDA:5,0,1,1
BRF:2
BRH:1
end_of_record
TN:
SF:src\model\data\memory\index.js
FN:10,writeFragment
FN:15,readFragment
FN:20,writeFragmentData
FN:25,readFragmentData
FN:30,listFragments
FN:39,(anonymous_5)
FN:43,deleteFragment
FNF:7
FNH:7
FNDA:7,writeFragment
FNDA:5,readFragment
FNDA:7,writeFragmentData
FNDA:1,readFragmentData
FNDA:3,listFragments
FNDA:1,(anonymous_5)
FNDA:1,deleteFragment
DA:3,1
DA:6,1
DA:7,1
DA:11,7
DA:16,5
DA:21,7
DA:26,1
DA:31,3
DA:34,3
DA:35,1
DA:39,2
DA:44,1
DA:52,1
DA:53,1
DA:54,1
DA:55,1
DA:56,1
DA:57,1
LF:18
LH:18
BRDA:30,0,0,0
BRDA:34,1,0,1
BRDA:34,1,1,2
BRDA:34,2,0,3
BRDA:34,2,1,2
BRF:5
BRH:4
end_of_record
TN:
SF:src\model\data\memory\memory-db.js
FN:3,(anonymous_0)
FN:6,(anonymous_1)
FN:17,(anonymous_2)
FN:35,(anonymous_3)
FN:56,(anonymous_4)
FN:75,(anonymous_5)
FNF:6
FNH:6
FNDA:104,(anonymous_0)
FNDA:14,(anonymous_1)
FNDA:18,(anonymous_2)
FNDA:28,(anonymous_3)
FNDA:7,(anonymous_4)
FNDA:7,(anonymous_5)
DA:3,104
DA:8,14
DA:18,18
DA:19,3
DA:24,15
DA:25,15
DA:26,15
DA:36,28
DA:37,3
DA:42,25
DA:44,25
DA:46,25
DA:47,25
DA:57,7
DA:58,2
DA:64,5
DA:65,5
DA:66,5
DA:76,7
DA:77,3
DA:83,4
DA:84,1
DA:89,3
DA:90,3
DA:91,3
DA:95,2
LF:26
LH:26
BRDA:18,0,0,3
BRDA:18,0,1,15
BRDA:18,1,0,18
BRDA:18,1,1,15
BRDA:25,2,0,15
BRDA:25,2,1,14
BRDA:36,3,0,3
BRDA:36,3,1,25
BRDA:36,4,0,28
BRDA:36,4,1,25
BRDA:44,5,0,25
BRDA:44,5,1,15
BRDA:57,6,0,2
BRDA:57,6,1,5
BRDA:65,7,0,3
BRDA:65,7,1,2
BRDA:76,8,0,3
BRDA:76,8,1,4
BRDA:76,9,0,7
BRDA:76,9,1,4
BRDA:83,10,0,1
BRDA:83,10,1,3
BRF:22
BRH:22
end_of_record
