TN:
SF:src\app.js
FN:43,(anonymous_0)
FN:49,(anonymous_1)
FNF:2
FNH:2
FNDA:1,(anonymous_0)
FNDA:1,(anonymous_1)
DA:3,3
DA:4,3
DA:5,3
DA:6,3
DA:7,3
DA:8,3
DA:9,3
DA:11,3
DA:12,3
DA:18,3
DA:21,3
DA:24,3
DA:27,3
DA:30,3
DA:33,3
DA:36,3
DA:37,3
DA:40,3
DA:43,3
DA:44,1
DA:49,3
DA:52,1
DA:53,1
DA:56,1
DA:57,0
DA:60,1
DA:64,3
LF:27
LH:26
BRDA:52,0,0,1
BRDA:52,0,1,0
BRDA:53,1,0,1
BRDA:53,1,1,0
BRDA:56,2,0,0
BRDA:56,2,1,1
BRF:6
BRH:3
end_of_record
TN:
SF:src\hash.js
FN:24,(anonymous_0)
FNF:1
FNH:1
FNDA:1,(anonymous_0)
DA:18,3
DA:24,3
LF:2
LH:2
BRF:0
BRH:0
end_of_record
TN:
SF:src\logger.js
FNF:0
FNH:0
DA:5,3
DA:8,3
DA:10,0
DA:20,3
LF:4
LH:3
BRDA:5,0,0,3
BRDA:5,0,1,0
BRDA:8,1,0,0
BRDA:8,1,1,3
BRF:4
BRH:2
end_of_record
TN:
SF:src\response.js
FN:11,(anonymous_0)
FN:30,(anonymous_1)
FNF:2
FNH:2
FNDA:6,(anonymous_0)
FNDA:5,(anonymous_1)
DA:11,4
DA:12,6
DA:30,4
DA:31,5
LF:4
LH:4
BRF:0
BRH:0
end_of_record
TN:
SF:src\auth\auth-middleware.js
FN:11,(anonymous_0)
FN:12,(anonymous_1)
FN:19,callback
FNF:3
FNH:3
FNDA:3,(anonymous_0)
FNDA:3,(anonymous_1)
FNDA:3,callback
DA:1,3
DA:3,3
DA:4,3
DA:5,3
DA:11,3
DA:12,3
DA:21,3
DA:22,0
DA:23,0
DA:27,3
DA:28,2
DA:32,1
DA:33,1
DA:36,1
DA:41,3
LF:15
LH:13
BRDA:21,0,0,0
BRDA:21,0,1,3
BRDA:27,1,0,2
BRDA:27,1,1,1
BRF:4
BRH:3
end_of_record
TN:
SF:src\auth\basic-auth.js
FN:19,(anonymous_0)
FN:32,(anonymous_1)
FNF:2
FNH:2
FNDA:3,(anonymous_0)
FNDA:3,(anonymous_1)
DA:5,3
DA:8,3
DA:9,3
DA:12,3
DA:15,3
DA:16,0
DA:19,3
DA:22,3
DA:32,3
LF:9
LH:8
BRDA:15,0,0,0
BRDA:15,0,1,3
BRF:2
BRH:1
end_of_record
TN:
SF:src\auth\index.js
FNF:0
FNH:0
DA:7,3
DA:12,0
DA:18,3
DA:19,0
DA:22,3
DA:23,3
DA:27,0
LF:7
LH:4
BRDA:7,0,0,0
BRDA:7,0,1,3
BRDA:8,1,0,3
BRDA:8,1,1,0
BRDA:8,1,2,0
BRDA:18,2,0,0
BRDA:18,2,1,3
BRDA:18,3,0,3
BRDA:18,3,1,0
BRDA:22,4,0,3
BRDA:22,4,1,0
BRDA:22,5,0,3
BRDA:22,5,1,3
BRF:13
BRH:7
end_of_record
TN:
SF:src\model\fragment.js
FN:25,(anonymous_0)
FN:71,(anonymous_1)
FN:78,(anonymous_2)
FN:91,(anonymous_3)
FN:108,(anonymous_4)
FN:117,(anonymous_5)
FN:131,(anonymous_6)
FN:145,(anonymous_7)
FN:168,(anonymous_8)
FN:177,(anonymous_9)
FN:186,(anonymous_10)
FN:214,(anonymous_11)
FN:233,(anonymous_12)
FNF:13
FNH:0
FNDA:0,(anonymous_0)
FNDA:0,(anonymous_1)
FNDA:0,(anonymous_2)
FNDA:0,(anonymous_3)
FNDA:0,(anonymous_4)
FNDA:0,(anonymous_5)
FNDA:0,(anonymous_6)
FNDA:0,(anonymous_7)
FNDA:0,(anonymous_8)
FNDA:0,(anonymous_9)
FNDA:0,(anonymous_10)
FNDA:0,(anonymous_11)
FNDA:0,(anonymous_12)
DA:5,3
DA:7,3
DA:8,3
DA:10,3
DA:22,3
DA:27,0
DA:29,0
DA:31,0
DA:32,0
DA:34,0
DA:37,0
DA:38,0
DA:40,0
DA:43,0
DA:44,0
DA:46,0
DA:49,0
DA:50,0
DA:52,0
DA:53,0
DA:55,0
DA:58,0
DA:59,0
DA:61,0
DA:72,0
DA:73,0
DA:74,0
DA:75,0
DA:76,0
DA:78,0
DA:81,0
DA:92,0
DA:93,0
DA:94,0
DA:95,0
DA:97,0
DA:98,0
DA:109,0
DA:110,0
DA:118,0
DA:119,0
DA:120,0
DA:121,0
DA:123,0
DA:132,0
DA:133,0
DA:134,0
DA:136,0
DA:146,0
DA:147,0
DA:148,0
DA:149,0
DA:150,0
DA:151,0
DA:152,0
DA:153,0
DA:155,0
DA:158,0
DA:159,0
DA:169,0
DA:170,0
DA:178,0
DA:179,0
DA:187,0
DA:188,0
DA:189,0
DA:190,0
DA:191,0
DA:192,0
DA:193,0
DA:194,0
DA:195,0
DA:196,0
DA:197,0
DA:198,0
DA:199,0
DA:200,0
DA:201,0
DA:202,0
DA:203,0
DA:205,0
DA:215,0
DA:216,0
DA:234,0
DA:235,0
DA:236,0
DA:238,0
DA:243,3
LF:88
LH:6
BRDA:25,0,0,0
BRDA:29,1,0,0
BRDA:29,1,1,0
BRDA:31,2,0,0
BRDA:31,2,1,0
BRDA:37,3,0,0
BRDA:37,3,1,0
BRDA:43,4,0,0
BRDA:43,4,1,0
BRDA:49,5,0,0
BRDA:49,5,1,0
BRDA:52,6,0,0
BRDA:52,6,1,0
BRDA:58,7,0,0
BRDA:58,7,1,0
BRDA:58,8,0,0
BRDA:58,8,1,0
BRDA:71,9,0,0
BRDA:75,10,0,0
BRDA:75,10,1,0
BRDA:148,11,0,0
BRDA:148,11,1,0
BRDA:188,12,0,0
BRDA:188,12,1,0
BRDA:190,13,0,0
BRDA:190,13,1,0
BRDA:192,14,0,0
BRDA:192,14,1,0
BRDA:194,15,0,0
BRDA:194,15,1,0
BRDA:196,16,0,0
BRDA:196,16,1,0
BRDA:198,17,0,0
BRDA:198,17,1,0
BRDA:200,18,0,0
BRDA:200,18,1,0
BRDA:202,19,0,0
BRDA:202,19,1,0
BRDA:236,20,0,0
BRDA:236,20,1,0
BRF:40
BRH:0
end_of_record
TN:
SF:src\model\data\index.js
FNF:0
FNH:0
DA:5,3
LF:1
LH:1
BRDA:5,0,0,0
BRDA:5,0,1,3
BRF:2
BRH:1
end_of_record
TN:
SF:src\model\data\memory\index.js
FN:10,writeFragment
FN:15,readFragment
FN:20,writeFragmentData
FN:25,readFragmentData
FN:30,listFragments
FN:39,(anonymous_5)
FN:43,deleteFragment
FNF:7
FNH:0
FNDA:0,writeFragment
FNDA:0,readFragment
FNDA:0,writeFragmentData
FNDA:0,readFragmentData
FNDA:0,listFragments
FNDA:0,(anonymous_5)
FNDA:0,deleteFragment
DA:3,3
DA:6,3
DA:7,3
DA:11,0
DA:16,0
DA:21,0
DA:26,0
DA:31,0
DA:34,0
DA:35,0
DA:39,0
DA:44,0
DA:52,3
DA:53,3
DA:54,3
DA:55,3
DA:56,3
DA:57,3
LF:18
LH:9
BRDA:30,0,0,0
BRDA:34,1,0,0
BRDA:34,1,1,0
BRDA:34,2,0,0
BRDA:34,2,1,0
BRF:5
BRH:0
end_of_record
TN:
SF:src\model\data\memory\memory-db.js
FN:3,(anonymous_0)
FN:6,(anonymous_1)
FN:17,(anonymous_2)
FN:35,(anonymous_3)
FN:56,(anonymous_4)
FN:73,(anonymous_5)
FNF:6
FNH:1
FNDA:0,(anonymous_0)
FNDA:6,(anonymous_1)
FNDA:0,(anonymous_2)
FNDA:0,(anonymous_3)
FNDA:0,(anonymous_4)
FNDA:0,(anonymous_5)
DA:3,3
DA:8,6
DA:18,0
DA:19,0
DA:24,0
DA:25,0
DA:26,0
DA:36,0
DA:37,0
DA:42,0
DA:44,0
DA:46,0
DA:47,0
DA:57,0
DA:58,0
DA:62,0
DA:63,0
DA:64,0
DA:74,0
DA:75,0
DA:81,0
DA:82,0
DA:87,0
DA:88,0
DA:89,0
DA:93,3
LF:26
LH:3
BRDA:18,0,0,0
BRDA:18,0,1,0
BRDA:18,1,0,0
BRDA:18,1,1,0
BRDA:25,2,0,0
BRDA:25,2,1,0
BRDA:36,3,0,0
BRDA:36,3,1,0
BRDA:36,4,0,0
BRDA:36,4,1,0
BRDA:44,5,0,0
BRDA:44,5,1,0
BRDA:57,6,0,0
BRDA:57,6,1,0
BRDA:63,7,0,0
BRDA:63,7,1,0
BRDA:74,8,0,0
BRDA:74,8,1,0
BRDA:74,9,0,0
BRDA:74,9,1,0
BRDA:81,10,0,0
BRDA:81,10,1,0
BRF:22
BRH:0
end_of_record
TN:
SF:src\routes\index.js
FN:31,(anonymous_0)
FNF:1
FNH:1
FNDA:4,(anonymous_0)
DA:4,3
DA:7,3
DA:10,3
DA:13,3
DA:16,3
DA:19,3
DA:25,3
DA:31,3
DA:33,4
DA:35,4
DA:46,3
LF:11
LH:11
BRF:0
BRH:0
end_of_record
TN:
SF:src\routes\api\get.js
FN:6,(anonymous_0)
FNF:1
FNH:1
FNDA:1,(anonymous_0)
DA:6,3
DA:8,1
LF:2
LH:2
BRF:0
BRH:0
end_of_record
TN:
SF:src\routes\api\getWithId.js
FN:3,(anonymous_0)
FNF:1
FNH:0
FNDA:0,(anonymous_0)
DA:3,3
DA:4,0
LF:2
LH:1
BRF:0
BRH:0
end_of_record
TN:
SF:src\routes\api\index.js
FN:12,(anonymous_0)
FN:16,(anonymous_1)
FN:23,(anonymous_2)
FN:23,(anonymous_3)
FN:29,(anonymous_4)
FN:36,(anonymous_5)
FN:43,(anonymous_6)
FN:50,(anonymous_7)
FN:57,(anonymous_8)
FNF:9
FNH:7
FNDA:6,(anonymous_0)
FNDA:0,(anonymous_1)
FNDA:12,(anonymous_2)
FNDA:0,(anonymous_3)
FNDA:3,(anonymous_4)
FNDA:3,(anonymous_5)
FNDA:3,(anonymous_6)
FNDA:3,(anonymous_7)
FNDA:3,(anonymous_8)
DA:4,3
DA:5,3
DA:6,3
DA:9,3
DA:12,3
DA:13,6
DA:17,0
DA:18,0
DA:23,12
DA:24,0
DA:27,3
DA:28,3
DA:29,3
DA:30,3
DA:31,3
DA:33,0
DA:36,3
DA:37,3
DA:38,3
DA:40,3
DA:43,3
DA:44,3
DA:45,3
DA:47,3
DA:50,3
DA:51,3
DA:52,3
DA:54,3
DA:57,3
DA:58,3
DA:59,3
DA:61,3
DA:65,3
LF:33
LH:29
BRDA:27,0,0,3
BRDA:27,0,1,0
BRDA:28,1,0,3
BRDA:28,1,1,0
BRF:4
BRH:2
end_of_record
TN:
SF:src\routes\api\post.js
FN:3,(anonymous_0)
FNF:1
FNH:0
FNDA:0,(anonymous_0)
DA:3,3
DA:4,0
LF:2
LH:1
BRF:0
BRH:0
end_of_record
